2023-09-30 19:04:46,663 - initialize - INFO - Initializing seed to 48763 successfully.
2023-09-30 19:04:46,672 - initialize - INFO - Initializing device to cuda successfully.
2023-09-30 19:04:46,674 - urllib3.connectionpool - DEBUG - Starting new HTTPS connection (1): huggingface.co:443
2023-09-30 19:04:46,988 - urllib3.connectionpool - DEBUG - https://huggingface.co:443 "HEAD /bert-base-uncased/resolve/main/config.json HTTP/1.1" 200 0
2023-09-30 19:04:47,542 - initialize - INFO - Initializing model to LM_ForTokenClassification successfully.
2023-09-30 19:04:47,916 - initialize - INFO - Initializing optimizer to Adam successfully.
2023-09-30 19:04:47,916 - initialize - INFO - Initializing scheduler to ReduceLROnPlateau successfully.
2023-09-30 19:04:48,522 - urllib3.connectionpool - DEBUG - https://huggingface.co:443 "HEAD /bert-base-uncased/resolve/main/tokenizer_config.json HTTP/1.1" 200 0
2023-09-30 19:04:48,534 - initialize - INFO - Initializing formatter to BC5CDR_Formatter successfully.
2023-09-30 19:04:48,552 - initialize - INFO - Initializing train dataloader successfully.
2023-09-30 19:04:49,157 - urllib3.connectionpool - DEBUG - https://huggingface.co:443 "HEAD /bert-base-uncased/resolve/main/tokenizer_config.json HTTP/1.1" 200 0
2023-09-30 19:04:49,168 - initialize - INFO - Initializing formatter to BC5CDR_Formatter successfully.
2023-09-30 19:04:49,187 - initialize - INFO - Initializing validation dataloader successfully.
2023-09-30 19:04:49,398 - urllib3.connectionpool - DEBUG - https://huggingface.co:443 "HEAD /bert-base-uncased/resolve/main/tokenizer_config.json HTTP/1.1" 200 0
2023-09-30 19:04:49,409 - initialize - INFO - Initializing formatter to BC5CDR_Formatter successfully.
2023-09-30 19:04:49,429 - initialize - INFO - Initializing test dataloader successfully.
2023-09-30 19:04:49,429 - initialize - INFO - Initialize all parameters successfully.
2023-09-30 19:04:49,430 - initialize - INFO - Details of all parameters: 
{'converters': {'ids2tags': {0: 'O', 1: 'B-Chemical', 2: 'B-Disease', 3: 'I-Disease', 4: 'I-Chemical'}, 'tags2ids': {'O': 0, 'B-Chemical': 1, 'B-Disease': 2, 'I-Disease': 3, 'I-Chemical': 4}}, 'device': device(type='cuda'), 'model': LM_ForTokenClassification(
  (lm): BertForTokenClassification(
    (bert): BertModel(
      (embeddings): BertEmbeddings(
        (word_embeddings): Embedding(30522, 768, padding_idx=0)
        (position_embeddings): Embedding(512, 768)
        (token_type_embeddings): Embedding(2, 768)
        (LayerNorm): LayerNorm((768,), eps=1e-12, elementwise_affine=True)
        (dropout): Dropout(p=0.1, inplace=False)
      )
      (encoder): BertEncoder(
        (layer): ModuleList(
          (0-11): 12 x BertLayer(
            (attention): BertAttention(
              (self): BertSelfAttention(
                (query): Linear(in_features=768, out_features=768, bias=True)
                (key): Linear(in_features=768, out_features=768, bias=True)
                (value): Linear(in_features=768, out_features=768, bias=True)
                (dropout): Dropout(p=0.1, inplace=False)
              )
              (output): BertSelfOutput(
                (dense): Linear(in_features=768, out_features=768, bias=True)
                (LayerNorm): LayerNorm((768,), eps=1e-12, elementwise_affine=True)
                (dropout): Dropout(p=0.1, inplace=False)
              )
            )
            (intermediate): BertIntermediate(
              (dense): Linear(in_features=768, out_features=3072, bias=True)
              (intermediate_act_fn): GELUActivation()
            )
            (output): BertOutput(
              (dense): Linear(in_features=3072, out_features=768, bias=True)
              (LayerNorm): LayerNorm((768,), eps=1e-12, elementwise_affine=True)
              (dropout): Dropout(p=0.1, inplace=False)
            )
          )
        )
      )
    )
    (dropout): Dropout(p=0.1, inplace=False)
    (classifier): Linear(in_features=768, out_features=5, bias=True)
  )
), 'test_dataloader': <torch.utils.data.dataloader.DataLoader object at 0x7fe0aa99fb80>, 'trained_epoch': -1, 'optimizer': Adam (
Parameter Group 0
    amsgrad: False
    betas: (0.9, 0.999)
    capturable: False
    differentiable: False
    eps: 1e-08
    foreach: None
    fused: None
    lr: 1e-05
    maximize: False
    weight_decay: 0
), 'scheduler': <torch.optim.lr_scheduler.ReduceLROnPlateau object at 0x7fe0ab3137f0>, 'train_dataloader': <torch.utils.data.dataloader.DataLoader object at 0x7fe0aa99fa90>, 'validation_dataloader': <torch.utils.data.dataloader.DataLoader object at 0x7fe0aa99feb0>}
2023-09-30 19:04:49,430 - initialize - INFO - Details of all configs: 
{
    "checkpoint_epoch": -1,
    "load_checkpoint": false,
    "save_time": 10,
    "dataloader_shuffle": true,
    "dataset_name": "BC5CDR_Dataset",
    "formatter_name": "BC5CDR_Formatter",
    "label_file_path": "data/label.json",
    "logging_time": 25,
    "mode": "train",
    "model_name": "LM_ForTokenClassification",
    "num_labels": 5,
    "version": "baseline-0",
    "version_message": "",
    "lm_path": "bert-base-uncased",
    "optimizer_lr": 1e-05,
    "optimizer_name": "Adam",
    "scheduler_factor": 0.1,
    "scheduler_mode": "min",
    "scheduler_name": "ReduceLROnPlateau",
    "scheduler_patience": 2,
    "scheduler_verbose": true,
    "batch_size": 64,
    "epoch": 10
}
2023-09-30 19:04:49,934 - utils - INFO - 
+-------+-------+------------+-----------------+-----------+-------+
| epoch | stage | iterations |      time       |   loss    |  lr   |
+-------+-------+------------+-----------------+-----------+-------+
|   0   | train |    1/82    | 0:00:00/0:00:40 | 1.5231001 | 1e-05 |
+-------+-------+------------+-----------------+-----------+-------+
+-------+-------+-------+-------+-------+-------+
|  MiP  |  MiR  |  MiF  |  MaP  |  MaR  |  MaF  |
+-------+-------+-------+-------+-------+-------+
| 0.039 | 0.088 | 0.054 | 0.042 | 0.104 | 0.054 |
+-------+-------+-------+-------+-------+-------+

2023-09-30 19:04:56,219 - utils - INFO - 
+-------+-------+------------+-----------------+----------+-------+
| epoch | stage | iterations |      time       |   loss   |  lr   |
+-------+-------+------------+-----------------+----------+-------+
|   0   | train |   26/82    | 0:00:06/0:00:14 | 0.866874 | 1e-05 |
+-------+-------+------------+-----------------+----------+-------+
+-------+-------+-------+-------+-------+-------+
|  MiP  |  MiR  |  MiF  |  MaP  |  MaR  |  MaF  |
+-------+-------+-------+-------+-------+-------+
| 0.143 | 0.033 | 0.053 | 0.174 | 0.029 | 0.048 |
+-------+-------+-------+-------+-------+-------+

2023-09-30 19:05:02,738 - utils - INFO - 
+-------+-------+------------+-----------------+-----------+-------+
| epoch | stage | iterations |      time       |   loss    |  lr   |
+-------+-------+------------+-----------------+-----------+-------+
|   0   | train |   51/82    | 0:00:13/0:00:07 | 0.6794111 | 1e-05 |
+-------+-------+------------+-----------------+-----------+-------+
+-------+-------+-------+-------+-------+-------+
|  MiP  |  MiR  |  MiF  |  MaP  |  MaR  |  MaF  |
+-------+-------+-------+-------+-------+-------+
| 0.552 | 0.249 | 0.343 | 0.451 | 0.212 | 0.286 |
+-------+-------+-------+-------+-------+-------+

2023-09-30 19:05:09,651 - utils - INFO - 
+-------+-------+------------+-----------------+-----------+-------+
| epoch | stage | iterations |      time       |   loss    |  lr   |
+-------+-------+------------+-----------------+-----------+-------+
|   0   | train |   76/82    | 0:00:19/0:00:01 | 0.5566978 | 1e-05 |
+-------+-------+------------+-----------------+-----------+-------+
+-------+-------+-------+-------+------+-------+
|  MiP  |  MiR  |  MiF  |  MaP  | MaR  |  MaF  |
+-------+-------+-------+-------+------+-------+
| 0.629 | 0.418 | 0.502 | 0.571 | 0.38 | 0.455 |
+-------+-------+-------+-------+------+-------+

2023-09-30 19:05:11,217 - utils - INFO - 
+-------+-------+------------+-----------------+-----------+-------+
| epoch | stage | iterations |      time       |   loss    |  lr   |
+-------+-------+------------+-----------------+-----------+-------+
|   0   | train |   82/82    | 0:00:21/0:00:00 | 0.5360499 | 1e-05 |
+-------+-------+------------+-----------------+-----------+-------+
+-------+-------+-------+-------+-------+-------+
|  MiP  |  MiR  |  MiF  |  MaP  |  MaR  |  MaF  |
+-------+-------+-------+-------+-------+-------+
| 0.641 | 0.447 | 0.527 | 0.587 | 0.409 | 0.481 |
+-------+-------+-------+-------+-------+-------+

2023-09-30 19:05:11,293 - utils - INFO - 
+-------+----------+------------+-----------------+-----------+----+
| epoch |  stage   | iterations |      time       |   loss    | lr |
+-------+----------+------------+-----------------+-----------+----+
|   0   | validate |    1/84    | 0:00:00/0:00:05 | 0.2781113 |    |
+-------+----------+------------+-----------------+-----------+----+
+-------+-------+-------+-------+-------+-------+
|  MiP  |  MiR  |  MiF  |  MaP  |  MaR  |  MaF  |
+-------+-------+-------+-------+-------+-------+
| 0.817 | 0.645 | 0.721 | 0.797 | 0.635 | 0.705 |
+-------+-------+-------+-------+-------+-------+

2023-09-30 19:05:13,676 - utils - INFO - 
+-------+----------+------------+-----------------+-----------+----+
| epoch |  stage   | iterations |      time       |   loss    | lr |
+-------+----------+------------+-----------------+-----------+----+
|   0   | validate |   26/84    | 0:00:02/0:00:05 | 0.2470708 |    |
+-------+----------+------------+-----------------+-----------+----+
+-------+-------+-------+-------+-------+-------+
|  MiP  |  MiR  |  MiF  |  MaP  |  MaR  |  MaF  |
+-------+-------+-------+-------+-------+-------+
| 0.855 | 0.682 | 0.758 | 0.837 | 0.665 | 0.738 |
+-------+-------+-------+-------+-------+-------+

2023-09-30 19:05:16,219 - utils - INFO - 
+-------+----------+------------+-----------------+-----------+----+
| epoch |  stage   | iterations |      time       |   loss    | lr |
+-------+----------+------------+-----------------+-----------+----+
|   0   | validate |   51/84    | 0:00:04/0:00:03 | 0.2513771 |    |
+-------+----------+------------+-----------------+-----------+----+
+-------+-------+-------+-------+-------+-------+
|  MiP  |  MiR  |  MiF  |  MaP  |  MaR  |  MaF  |
+-------+-------+-------+-------+-------+-------+
| 0.855 | 0.675 | 0.754 | 0.834 | 0.657 | 0.731 |
+-------+-------+-------+-------+-------+-------+

2023-09-30 19:05:18,667 - utils - INFO - 
+-------+----------+------------+-----------------+-----------+----+
| epoch |  stage   | iterations |      time       |   loss    | lr |
+-------+----------+------------+-----------------+-----------+----+
|   0   | validate |   76/84    | 0:00:07/0:00:00 | 0.2486762 |    |
+-------+----------+------------+-----------------+-----------+----+
+-------+------+-------+-------+-------+-------+
|  MiP  | MiR  |  MiF  |  MaP  |  MaR  |  MaF  |
+-------+------+-------+-------+-------+-------+
| 0.858 | 0.68 | 0.759 | 0.838 | 0.662 | 0.736 |
+-------+------+-------+-------+-------+-------+

2023-09-30 19:05:19,681 - utils - INFO - 
+-------+----------+------------+-----------------+----------+----+
| epoch |  stage   | iterations |      time       |   loss   | lr |
+-------+----------+------------+-----------------+----------+----+
|   0   | validate |   84/84    | 0:00:08/0:00:00 | 0.249044 |    |
+-------+----------+------------+-----------------+----------+----+
+------+-------+------+------+-------+-------+
| MiP  |  MiR  | MiF  | MaP  |  MaR  |  MaF  |
+------+-------+------+------+-------+-------+
| 0.86 | 0.681 | 0.76 | 0.84 | 0.663 | 0.738 |
+------+-------+------+------+-------+-------+

2023-09-30 19:05:19,972 - utils - INFO - 
+-------+-------+------------+-----------------+-----------+----+
| epoch | stage | iterations |      time       |   loss    | lr |
+-------+-------+------------+-----------------+-----------+----+
|   0   | test  |    1/92    | 0:00:00/0:00:05 | 0.1914719 |    |
+-------+-------+------------+-----------------+-----------+----+
+-------+-------+-------+------+-------+-------+
|  MiP  |  MiR  |  MiF  | MaP  |  MaR  |  MaF  |
+-------+-------+-------+------+-------+-------+
| 0.868 | 0.703 | 0.777 | 0.84 | 0.667 | 0.738 |
+-------+-------+-------+------+-------+-------+

2023-09-30 19:05:22,069 - utils - INFO - 
+-------+-------+------------+-----------------+-----------+----+
| epoch | stage | iterations |      time       |   loss    | lr |
+-------+-------+------------+-----------------+-----------+----+
|   0   | test  |   26/92    | 0:00:02/0:00:05 | 0.2495899 |    |
+-------+-------+------------+-----------------+-----------+----+
+-------+-------+-------+-------+-------+-------+
|  MiP  |  MiR  |  MiF  |  MaP  |  MaR  |  MaF  |
+-------+-------+-------+-------+-------+-------+
| 0.853 | 0.668 | 0.749 | 0.832 | 0.651 | 0.726 |
+-------+-------+-------+-------+-------+-------+

2023-09-30 19:05:24,268 - utils - INFO - 
+-------+-------+------------+-----------------+-----------+----+
| epoch | stage | iterations |      time       |   loss    | lr |
+-------+-------+------------+-----------------+-----------+----+
|   0   | test  |   51/92    | 0:00:04/0:00:03 | 0.2449329 |    |
+-------+-------+------------+-----------------+-----------+----+
+-------+-------+-------+------+-------+-------+
|  MiP  |  MiR  |  MiF  | MaP  |  MaR  |  MaF  |
+-------+-------+-------+------+-------+-------+
| 0.858 | 0.669 | 0.752 | 0.84 | 0.656 | 0.733 |
+-------+-------+-------+------+-------+-------+

2023-09-30 19:05:26,665 - utils - INFO - 
+-------+-------+------------+-----------------+-----------+----+
| epoch | stage | iterations |      time       |   loss    | lr |
+-------+-------+------------+-----------------+-----------+----+
|   0   | test  |   76/92    | 0:00:06/0:00:01 | 0.2421891 |    |
+-------+-------+------------+-----------------+-----------+----+
+-------+-------+-------+------+-------+-------+
|  MiP  |  MiR  |  MiF  | MaP  |  MaR  |  MaF  |
+-------+-------+-------+------+-------+-------+
| 0.859 | 0.672 | 0.754 | 0.84 | 0.657 | 0.734 |
+-------+-------+-------+------+-------+-------+

2023-09-30 19:05:28,470 - utils - INFO - 
+-------+-------+------------+-----------------+-----------+----+
| epoch | stage | iterations |      time       |   loss    | lr |
+-------+-------+------------+-----------------+-----------+----+
|   0   | test  |   92/92    | 0:00:08/0:00:00 | 0.2427825 |    |
+-------+-------+------------+-----------------+-----------+----+
+-------+-------+-------+-------+-------+-------+
|  MiP  |  MiR  |  MiF  |  MaP  |  MaR  |  MaF  |
+-------+-------+-------+-------+-------+-------+
| 0.856 | 0.672 | 0.753 | 0.836 | 0.656 | 0.732 |
+-------+-------+-------+-------+-------+-------+

2023-09-30 19:05:29,029 - utils - INFO - 
+-------+-------+------------+-----------------+-----------+-------+
| epoch | stage | iterations |      time       |   loss    |  lr   |
+-------+-------+------------+-----------------+-----------+-------+
|   1   | train |    1/82    | 0:00:00/0:00:32 | 0.2946603 | 1e-05 |
+-------+-------+------------+-----------------+-----------+-------+
+-------+-------+-------+-------+-------+-------+
|  MiP  |  MiR  |  MiF  |  MaP  |  MaR  |  MaF  |
+-------+-------+-------+-------+-------+-------+
| 0.743 | 0.873 | 0.803 | 0.688 | 0.826 | 0.749 |
+-------+-------+-------+-------+-------+-------+

2023-09-30 19:05:35,292 - utils - INFO - 
+-------+-------+------------+-----------------+-----------+-------+
| epoch | stage | iterations |      time       |   loss    |  lr   |
+-------+-------+------------+-----------------+-----------+-------+
|   1   | train |   26/82    | 0:00:06/0:00:14 | 0.2369074 | 1e-05 |
+-------+-------+------------+-----------------+-----------+-------+
+-------+-------+-------+-------+-------+-------+
|  MiP  |  MiR  |  MiF  |  MaP  |  MaR  |  MaF  |
+-------+-------+-------+-------+-------+-------+
| 0.733 | 0.832 | 0.779 | 0.708 | 0.809 | 0.754 |
+-------+-------+-------+-------+-------+-------+

2023-09-30 19:05:42,170 - utils - INFO - 
+-------+-------+------------+-----------------+-----------+-------+
| epoch | stage | iterations |      time       |   loss    |  lr   |
+-------+-------+------------+-----------------+-----------+-------+
|   1   | train |   51/82    | 0:00:13/0:00:08 | 0.2240771 | 1e-05 |
+-------+-------+------------+-----------------+-----------+-------+
+-------+-------+-------+-------+-------+-------+
|  MiP  |  MiR  |  MiF  |  MaP  |  MaR  |  MaF  |
+-------+-------+-------+-------+-------+-------+
| 0.748 | 0.832 | 0.788 | 0.721 | 0.807 | 0.761 |
+-------+-------+-------+-------+-------+-------+

2023-09-30 19:05:48,455 - utils - INFO - 
+-------+-------+------------+-----------------+-----------+-------+
| epoch | stage | iterations |      time       |   loss    |  lr   |
+-------+-------+------------+-----------------+-----------+-------+
|   1   | train |   76/82    | 0:00:19/0:00:01 | 0.2128616 | 1e-05 |
+-------+-------+------------+-----------------+-----------+-------+
+-------+------+-------+-------+-------+-------+
|  MiP  | MiR  |  MiF  |  MaP  |  MaR  |  MaF  |
+-------+------+-------+-------+-------+-------+
| 0.761 | 0.84 | 0.798 | 0.734 | 0.814 | 0.771 |
+-------+------+-------+-------+-------+-------+

2023-09-30 19:05:50,022 - utils - INFO - 
+-------+-------+------------+-----------------+-----------+-------+
| epoch | stage | iterations |      time       |   loss    |  lr   |
+-------+-------+------------+-----------------+-----------+-------+
|   1   | train |   82/82    | 0:00:20/0:00:00 | 0.2117626 | 1e-05 |
+-------+-------+------------+-----------------+-----------+-------+
+-------+------+-------+-------+-------+-------+
|  MiP  | MiR  |  MiF  |  MaP  |  MaR  |  MaF  |
+-------+------+-------+-------+-------+-------+
| 0.765 | 0.84 | 0.801 | 0.737 | 0.814 | 0.773 |
+-------+------+-------+-------+-------+-------+

2023-09-30 19:05:50,096 - utils - INFO - 
+-------+----------+------------+-----------------+-----------+----+
| epoch |  stage   | iterations |      time       |   loss    | lr |
+-------+----------+------------+-----------------+-----------+----+
|   1   | validate |    1/84    | 0:00:00/0:00:05 | 0.1101871 |    |
+-------+----------+------------+-----------------+-----------+----+
+-------+------+-------+-------+-------+-------+
|  MiP  | MiR  |  MiF  |  MaP  |  MaR  |  MaF  |
+-------+------+-------+-------+-------+-------+
| 0.938 | 0.88 | 0.908 | 0.928 | 0.865 | 0.895 |
+-------+------+-------+-------+-------+-------+

2023-09-30 19:05:52,565 - utils - INFO - 
+-------+----------+------------+-----------------+-----------+----+
| epoch |  stage   | iterations |      time       |   loss    | lr |
+-------+----------+------------+-----------------+-----------+----+
|   1   | validate |   26/84    | 0:00:02/0:00:05 | 0.1879699 |    |
+-------+----------+------------+-----------------+-----------+----+
+-------+------+-------+-------+-------+-------+
|  MiP  | MiR  |  MiF  |  MaP  |  MaR  |  MaF  |
+-------+------+-------+-------+-------+-------+
| 0.864 | 0.79 | 0.825 | 0.849 | 0.775 | 0.811 |
+-------+------+-------+-------+-------+-------+

2023-09-30 19:05:54,865 - utils - INFO - 
+-------+----------+------------+-----------------+-----------+----+
| epoch |  stage   | iterations |      time       |   loss    | lr |
+-------+----------+------------+-----------------+-----------+----+
|   1   | validate |   51/84    | 0:00:04/0:00:02 | 0.1844704 |    |
+-------+----------+------------+-----------------+-----------+----+
+-------+-------+------+-------+-------+-------+
|  MiP  |  MiR  | MiF  |  MaP  |  MaR  |  MaF  |
+-------+-------+------+-------+-------+-------+
| 0.865 | 0.798 | 0.83 | 0.848 | 0.779 | 0.812 |
+-------+-------+------+-------+-------+-------+

2023-09-30 19:05:57,557 - utils - INFO - 
+-------+----------+------------+-----------------+-----------+----+
| epoch |  stage   | iterations |      time       |   loss    | lr |
+-------+----------+------------+-----------------+-----------+----+
|   1   | validate |   76/84    | 0:00:07/0:00:00 | 0.1840543 |    |
+-------+----------+------------+-----------------+-----------+----+
+-------+-------+-------+-------+-------+------+
|  MiP  |  MiR  |  MiF  |  MaP  |  MaR  | MaF  |
+-------+-------+-------+-------+-------+------+
| 0.865 | 0.795 | 0.828 | 0.847 | 0.776 | 0.81 |
+-------+-------+-------+-------+-------+------+

2023-09-30 19:05:58,494 - utils - INFO - 
+-------+----------+------------+-----------------+----------+----+
| epoch |  stage   | iterations |      time       |   loss   | lr |
+-------+----------+------------+-----------------+----------+----+
|   1   | validate |   84/84    | 0:00:08/0:00:00 | 0.183908 |    |
+-------+----------+------------+-----------------+----------+----+
+-------+-------+-------+-------+-------+-------+
|  MiP  |  MiR  |  MiF  |  MaP  |  MaR  |  MaF  |
+-------+-------+-------+-------+-------+-------+
| 0.865 | 0.793 | 0.827 | 0.847 | 0.774 | 0.809 |
+-------+-------+-------+-------+-------+-------+

2023-09-30 19:05:58,833 - utils - INFO - 
+-------+-------+------------+-----------------+-----------+----+
| epoch | stage | iterations |      time       |   loss    | lr |
+-------+-------+------------+-----------------+-----------+----+
|   1   | test  |    1/92    | 0:00:00/0:00:05 | 0.1406714 |    |
+-------+-------+------------+-----------------+-----------+----+
+-------+-------+-------+-------+------+-------+
|  MiP  |  MiR  |  MiF  |  MaP  | MaR  |  MaF  |
+-------+-------+-------+-------+------+-------+
| 0.883 | 0.822 | 0.851 | 0.858 | 0.77 | 0.808 |
+-------+-------+-------+-------+------+-------+

2023-09-30 19:06:01,029 - utils - INFO - 
+-------+-------+------------+-----------------+-----------+----+
| epoch | stage | iterations |      time       |   loss    | lr |
+-------+-------+------------+-----------------+-----------+----+
|   1   | test  |   26/92    | 0:00:02/0:00:05 | 0.1806449 |    |
+-------+-------+------------+-----------------+-----------+----+
+-------+-------+-------+-------+-------+-------+
|  MiP  |  MiR  |  MiF  |  MaP  |  MaR  |  MaF  |
+-------+-------+-------+-------+-------+-------+
| 0.855 | 0.804 | 0.829 | 0.835 | 0.783 | 0.808 |
+-------+-------+-------+-------+-------+-------+

2023-09-30 19:06:03,337 - utils - INFO - 
+-------+-------+------------+-----------------+-----------+----+
| epoch | stage | iterations |      time       |   loss    | lr |
+-------+-------+------------+-----------------+-----------+----+
|   1   | test  |   51/92    | 0:00:04/0:00:03 | 0.1814608 |    |
+-------+-------+------------+-----------------+-----------+----+
+-------+------+-------+-------+-------+-------+
|  MiP  | MiR  |  MiF  |  MaP  |  MaR  |  MaF  |
+-------+------+-------+-------+-------+-------+
| 0.857 | 0.79 | 0.822 | 0.838 | 0.769 | 0.802 |
+-------+------+-------+-------+-------+-------+

2023-09-30 19:06:05,542 - utils - INFO - 
+-------+-------+------------+-----------------+-----------+----+
| epoch | stage | iterations |      time       |   loss    | lr |
+-------+-------+------------+-----------------+-----------+----+
|   1   | test  |   76/92    | 0:00:06/0:00:01 | 0.1840617 |    |
+-------+-------+------------+-----------------+-----------+----+
+-------+-------+-------+-------+-------+-------+
|  MiP  |  MiR  |  MiF  |  MaP  |  MaR  |  MaF  |
+-------+-------+-------+-------+-------+-------+
| 0.856 | 0.791 | 0.823 | 0.838 | 0.772 | 0.803 |
+-------+-------+-------+-------+-------+-------+

2023-09-30 19:06:07,192 - utils - INFO - 
+-------+-------+------------+-----------------+----------+----+
| epoch | stage | iterations |      time       |   loss   | lr |
+-------+-------+------------+-----------------+----------+----+
|   1   | test  |   92/92    | 0:00:07/0:00:00 | 0.184516 |    |
+-------+-------+------------+-----------------+----------+----+
+-------+-------+-------+-------+-------+-------+
|  MiP  |  MiR  |  MiF  |  MaP  |  MaR  |  MaF  |
+-------+-------+-------+-------+-------+-------+
| 0.855 | 0.792 | 0.822 | 0.836 | 0.772 | 0.803 |
+-------+-------+-------+-------+-------+-------+

2023-09-30 19:06:07,489 - utils - INFO - 
+-------+-------+------------+-----------------+-----------+-------+
| epoch | stage | iterations |      time       |   loss    |  lr   |
+-------+-------+------------+-----------------+-----------+-------+
|   2   | train |    1/82    | 0:00:00/0:00:11 | 0.1792609 | 1e-05 |
+-------+-------+------------+-----------------+-----------+-------+
+-------+-------+-------+-------+-------+-------+
|  MiP  |  MiR  |  MiF  |  MaP  |  MaR  |  MaF  |
+-------+-------+-------+-------+-------+-------+
| 0.799 | 0.854 | 0.826 | 0.776 | 0.835 | 0.804 |
+-------+-------+-------+-------+-------+-------+

2023-09-30 19:06:13,958 - utils - INFO - 
+-------+-------+------------+-----------------+-----------+-------+
| epoch | stage | iterations |      time       |   loss    |  lr   |
+-------+-------+------------+-----------------+-----------+-------+
|   2   | train |   26/82    | 0:00:06/0:00:13 | 0.1511398 | 1e-05 |
+-------+-------+------------+-----------------+-----------+-------+
+-------+-------+-------+-------+-------+-------+
|  MiP  |  MiR  |  MiF  |  MaP  |  MaR  |  MaF  |
+-------+-------+-------+-------+-------+-------+
| 0.828 | 0.879 | 0.853 | 0.806 | 0.858 | 0.831 |
+-------+-------+-------+-------+-------+-------+

2023-09-30 19:06:20,753 - utils - INFO - 
+-------+-------+------------+-----------------+-----------+-------+
| epoch | stage | iterations |      time       |   loss    |  lr   |
+-------+-------+------------+-----------------+-----------+-------+
|   2   | train |   51/82    | 0:00:13/0:00:07 | 0.1492935 | 1e-05 |
+-------+-------+------------+-----------------+-----------+-------+
+------+-------+-------+-------+------+-------+
| MiP  |  MiR  |  MiF  |  MaP  | MaR  |  MaF  |
+------+-------+-------+-------+------+-------+
| 0.83 | 0.881 | 0.855 | 0.809 | 0.86 | 0.834 |
+------+-------+-------+-------+------+-------+

2023-09-30 19:06:27,047 - utils - INFO - 
+-------+-------+------------+-----------------+-----------+-------+
| epoch | stage | iterations |      time       |   loss    |  lr   |
+-------+-------+------------+-----------------+-----------+-------+
|   2   | train |   76/82    | 0:00:19/0:00:01 | 0.1480222 | 1e-05 |
+-------+-------+------------+-----------------+-----------+-------+
+-------+-------+-------+-------+-------+-------+
|  MiP  |  MiR  |  MiF  |  MaP  |  MaR  |  MaF  |
+-------+-------+-------+-------+-------+-------+
| 0.837 | 0.881 | 0.858 | 0.817 | 0.861 | 0.839 |
+-------+-------+-------+-------+-------+-------+

2023-09-30 19:06:28,812 - utils - INFO - 
+-------+-------+------------+-----------------+-----------+-------+
| epoch | stage | iterations |      time       |   loss    |  lr   |
+-------+-------+------------+-----------------+-----------+-------+
|   2   | train |   82/82    | 0:00:21/0:00:00 | 0.1470298 | 1e-05 |
+-------+-------+------------+-----------------+-----------+-------+
+-------+-------+------+------+-------+-------+
|  MiP  |  MiR  | MiF  | MaP  |  MaR  |  MaF  |
+-------+-------+------+------+-------+-------+
| 0.839 | 0.882 | 0.86 | 0.82 | 0.862 | 0.841 |
+-------+-------+------+------+-------+-------+

2023-09-30 19:06:28,874 - utils - INFO - 
+-------+----------+------------+-----------------+-----------+----+
| epoch |  stage   | iterations |      time       |   loss    | lr |
+-------+----------+------------+-----------------+-----------+----+
|   2   | validate |    1/84    | 0:00:00/0:00:04 | 0.1841568 |    |
+-------+----------+------------+-----------------+-----------+----+
+------+-------+-------+-------+-------+------+
| MiP  |  MiR  |  MiF  |  MaP  |  MaR  | MaF  |
+------+-------+-------+-------+-------+------+
| 0.86 | 0.907 | 0.883 | 0.858 | 0.904 | 0.88 |
+------+-------+-------+-------+-------+------+

2023-09-30 19:06:31,086 - utils - INFO - 
+-------+----------+------------+-----------------+-----------+----+
| epoch |  stage   | iterations |      time       |   loss    | lr |
+-------+----------+------------+-----------------+-----------+----+
|   2   | validate |   26/84    | 0:00:02/0:00:04 | 0.1580076 |    |
+-------+----------+------------+-----------------+-----------+----+
+-------+-------+-------+------+-------+-------+
|  MiP  |  MiR  |  MiF  | MaP  |  MaR  |  MaF  |
+-------+-------+-------+------+-------+-------+
| 0.883 | 0.855 | 0.869 | 0.87 | 0.843 | 0.856 |
+-------+-------+-------+------+-------+-------+

2023-09-30 19:06:33,607 - utils - INFO - 
+-------+----------+------------+-----------------+-----------+----+
| epoch |  stage   | iterations |      time       |   loss    | lr |
+-------+----------+------------+-----------------+-----------+----+
|   2   | validate |   51/84    | 0:00:04/0:00:02 | 0.1609115 |    |
+-------+----------+------------+-----------------+-----------+----+
+-------+-------+-------+-------+-------+-------+
|  MiP  |  MiR  |  MiF  |  MaP  |  MaR  |  MaF  |
+-------+-------+-------+-------+-------+-------+
| 0.882 | 0.843 | 0.862 | 0.866 | 0.827 | 0.846 |
+-------+-------+-------+-------+-------+-------+

2023-09-30 19:06:36,080 - utils - INFO - 
+-------+----------+------------+-----------------+-----------+----+
| epoch |  stage   | iterations |      time       |   loss    | lr |
+-------+----------+------------+-----------------+-----------+----+
|   2   | validate |   76/84    | 0:00:06/0:00:00 | 0.1638867 |    |
+-------+----------+------------+-----------------+-----------+----+
+------+-------+-------+-------+-------+-------+
| MiP  |  MiR  |  MiF  |  MaP  |  MaR  |  MaF  |
+------+-------+-------+-------+-------+-------+
| 0.88 | 0.839 | 0.859 | 0.864 | 0.823 | 0.843 |
+------+-------+-------+-------+-------+-------+

2023-09-30 19:06:37,096 - utils - INFO - 
+-------+----------+------------+-----------------+-----------+----+
| epoch |  stage   | iterations |      time       |   loss    | lr |
+-------+----------+------------+-----------------+-----------+----+
|   2   | validate |   84/84    | 0:00:07/0:00:00 | 0.1636608 |    |
+-------+----------+------------+-----------------+-----------+----+
+-------+-------+------+-------+-------+-------+
|  MiP  |  MiR  | MiF  |  MaP  |  MaR  |  MaF  |
+-------+-------+------+-------+-------+-------+
| 0.881 | 0.839 | 0.86 | 0.864 | 0.824 | 0.843 |
+-------+-------+------+-------+-------+-------+

2023-09-30 19:06:37,398 - utils - INFO - 
+-------+-------+------------+-----------------+-----------+----+
| epoch | stage | iterations |      time       |   loss    | lr |
+-------+-------+------------+-----------------+-----------+----+
|   2   | test  |    1/92    | 0:00:00/0:00:06 | 0.1107574 |    |
+-------+-------+------------+-----------------+-----------+----+
+-------+-------+------+-------+-------+-------+
|  MiP  |  MiR  | MiF  |  MaP  |  MaR  |  MaF  |
+-------+-------+------+-------+-------+-------+
| 0.853 | 0.808 | 0.83 | 0.794 | 0.766 | 0.778 |
+-------+-------+------+-------+-------+-------+

2023-09-30 19:06:39,687 - utils - INFO - 
+-------+-------+------------+-----------------+-----------+----+
| epoch | stage | iterations |      time       |   loss    | lr |
+-------+-------+------------+-----------------+-----------+----+
|   2   | test  |   26/92    | 0:00:02/0:00:05 | 0.1708747 |    |
+-------+-------+------------+-----------------+-----------+----+
+-------+-------+-------+-------+-------+-------+
|  MiP  |  MiR  |  MiF  |  MaP  |  MaR  |  MaF  |
+-------+-------+-------+-------+-------+-------+
| 0.874 | 0.833 | 0.853 | 0.855 | 0.814 | 0.834 |
+-------+-------+-------+-------+-------+-------+

2023-09-30 19:06:41,791 - utils - INFO - 
+-------+-------+------------+-----------------+-----------+----+
| epoch | stage | iterations |      time       |   loss    | lr |
+-------+-------+------------+-----------------+-----------+----+
|   2   | test  |   51/92    | 0:00:04/0:00:03 | 0.1709867 |    |
+-------+-------+------------+-----------------+-----------+----+
+-------+-------+-------+-------+-------+-------+
|  MiP  |  MiR  |  MiF  |  MaP  |  MaR  |  MaF  |
+-------+-------+-------+-------+-------+-------+
| 0.874 | 0.832 | 0.852 | 0.857 | 0.815 | 0.835 |
+-------+-------+-------+-------+-------+-------+

2023-09-30 19:06:44,132 - utils - INFO - 
+-------+-------+------------+-----------------+-----------+----+
| epoch | stage | iterations |      time       |   loss    | lr |
+-------+-------+------------+-----------------+-----------+----+
|   2   | test  |   76/92    | 0:00:06/0:00:01 | 0.1706456 |    |
+-------+-------+------------+-----------------+-----------+----+
+-------+-------+-------+-------+-------+-------+
|  MiP  |  MiR  |  MiF  |  MaP  |  MaR  |  MaF  |
+-------+-------+-------+-------+-------+-------+
| 0.874 | 0.833 | 0.853 | 0.858 | 0.817 | 0.837 |
+-------+-------+-------+-------+-------+-------+

2023-09-30 19:06:45,796 - utils - INFO - 
+-------+-------+------------+-----------------+-----------+----+
| epoch | stage | iterations |      time       |   loss    | lr |
+-------+-------+------------+-----------------+-----------+----+
|   2   | test  |   92/92    | 0:00:08/0:00:00 | 0.1693243 |    |
+-------+-------+------------+-----------------+-----------+----+
+-------+-------+-------+-------+-------+-------+
|  MiP  |  MiR  |  MiF  |  MaP  |  MaR  |  MaF  |
+-------+-------+-------+-------+-------+-------+
| 0.874 | 0.832 | 0.852 | 0.857 | 0.815 | 0.835 |
+-------+-------+-------+-------+-------+-------+

2023-09-30 19:06:46,169 - utils - INFO - 
+-------+-------+------------+-----------------+-----------+-------+
| epoch | stage | iterations |      time       |   loss    |  lr   |
+-------+-------+------------+-----------------+-----------+-------+
|   3   | train |    1/82    | 0:00:00/0:00:17 | 0.1076984 | 1e-05 |
+-------+-------+------------+-----------------+-----------+-------+
+-------+-------+-------+-------+-------+-------+
|  MiP  |  MiR  |  MiF  |  MaP  |  MaR  |  MaF  |
+-------+-------+-------+-------+-------+-------+
| 0.886 | 0.883 | 0.885 | 0.872 | 0.869 | 0.871 |
+-------+-------+-------+-------+-------+-------+

2023-09-30 19:06:52,127 - utils - INFO - 
+-------+-------+------------+-----------------+-----------+-------+
| epoch | stage | iterations |      time       |   loss    |  lr   |
+-------+-------+------------+-----------------+-----------+-------+
|   3   | train |   26/82    | 0:00:06/0:00:13 | 0.1034513 | 1e-05 |
+-------+-------+------------+-----------------+-----------+-------+
+-------+-------+-------+-------+-------+-------+
|  MiP  |  MiR  |  MiF  |  MaP  |  MaR  |  MaF  |
+-------+-------+-------+-------+-------+-------+
| 0.894 | 0.916 | 0.905 | 0.883 | 0.904 | 0.894 |
+-------+-------+-------+-------+-------+-------+

2023-09-30 19:06:58,949 - utils - INFO - 
+-------+-------+------------+-----------------+----------+-------+
| epoch | stage | iterations |      time       |   loss   |  lr   |
+-------+-------+------------+-----------------+----------+-------+
|   3   | train |   51/82    | 0:00:12/0:00:07 | 0.107181 | 1e-05 |
+-------+-------+------------+-----------------+----------+-------+
+-------+-------+-------+-------+-------+-------+
|  MiP  |  MiR  |  MiF  |  MaP  |  MaR  |  MaF  |
+-------+-------+-------+-------+-------+-------+
| 0.889 | 0.914 | 0.901 | 0.877 | 0.902 | 0.889 |
+-------+-------+-------+-------+-------+-------+

2023-09-30 19:07:05,299 - utils - INFO - 
+-------+-------+------------+-----------------+----------+-------+
| epoch | stage | iterations |      time       |   loss   |  lr   |
+-------+-------+------------+-----------------+----------+-------+
|   3   | train |   76/82    | 0:00:18/0:00:01 | 0.107014 | 1e-05 |
+-------+-------+------------+-----------------+----------+-------+
+-------+-------+-------+-------+-----+-------+
|  MiP  |  MiR  |  MiF  |  MaP  | MaR |  MaF  |
+-------+-------+-------+-------+-----+-------+
| 0.889 | 0.914 | 0.901 | 0.875 | 0.9 | 0.887 |
+-------+-------+-------+-------+-----+-------+

2023-09-30 19:07:07,106 - utils - INFO - 
+-------+-------+------------+-----------------+-----------+-------+
| epoch | stage | iterations |      time       |   loss    |  lr   |
+-------+-------+------------+-----------------+-----------+-------+
|   3   | train |   82/82    | 0:00:20/0:00:00 | 0.1072223 | 1e-05 |
+-------+-------+------------+-----------------+-----------+-------+
+-------+-------+-------+-------+-------+-------+
|  MiP  |  MiR  |  MiF  |  MaP  |  MaR  |  MaF  |
+-------+-------+-------+-------+-------+-------+
| 0.889 | 0.914 | 0.902 | 0.876 | 0.901 | 0.888 |
+-------+-------+-------+-------+-------+-------+

2023-09-30 19:07:07,194 - utils - INFO - 
+-------+----------+------------+-----------------+-----------+----+
| epoch |  stage   | iterations |      time       |   loss    | lr |
+-------+----------+------------+-----------------+-----------+----+
|   3   | validate |    1/84    | 0:00:00/0:00:06 | 0.1675771 |    |
+-------+----------+------------+-----------------+-----------+----+
+-------+-------+-------+-----+------+-------+
|  MiP  |  MiR  |  MiF  | MaP | MaR  |  MaF  |
+-------+-------+-------+-----+------+-------+
| 0.911 | 0.835 | 0.872 | 0.9 | 0.83 | 0.863 |
+-------+-------+-------+-----+------+-------+

2023-09-30 19:07:09,544 - utils - INFO - 
+-------+----------+------------+-----------------+----------+----+
| epoch |  stage   | iterations |      time       |   loss   | lr |
+-------+----------+------------+-----------------+----------+----+
|   3   | validate |   26/84    | 0:00:02/0:00:05 | 0.188256 |    |
+-------+----------+------------+-----------------+----------+----+
+-------+-------+-------+-------+-------+-------+
|  MiP  |  MiR  |  MiF  |  MaP  |  MaR  |  MaF  |
+-------+-------+-------+-------+-------+-------+
| 0.899 | 0.822 | 0.859 | 0.887 | 0.809 | 0.846 |
+-------+-------+-------+-------+-------+-------+

2023-09-30 19:07:12,026 - utils - INFO - 
+-------+----------+------------+-----------------+-----------+----+
| epoch |  stage   | iterations |      time       |   loss    | lr |
+-------+----------+------------+-----------------+-----------+----+
|   3   | validate |   51/84    | 0:00:04/0:00:03 | 0.1830596 |    |
+-------+----------+------------+-----------------+-----------+----+
+-------+-------+-------+------+-------+-------+
|  MiP  |  MiR  |  MiF  | MaP  |  MaR  |  MaF  |
+-------+-------+-------+------+-------+-------+
| 0.902 | 0.823 | 0.861 | 0.89 | 0.807 | 0.846 |
+-------+-------+-------+------+-------+-------+

2023-09-30 19:07:14,571 - utils - INFO - 
+-------+----------+------------+-----------------+-----------+----+
| epoch |  stage   | iterations |      time       |   loss    | lr |
+-------+----------+------------+-----------------+-----------+----+
|   3   | validate |   76/84    | 0:00:07/0:00:00 | 0.1775876 |    |
+-------+----------+------------+-----------------+-----------+----+
+-------+-------+-------+-------+-------+-------+
|  MiP  |  MiR  |  MiF  |  MaP  |  MaR  |  MaF  |
+-------+-------+-------+-------+-------+-------+
| 0.906 | 0.826 | 0.864 | 0.893 | 0.808 | 0.848 |
+-------+-------+-------+-------+-------+-------+

2023-09-30 19:07:15,525 - utils - INFO - 
+-------+----------+------------+-----------------+-----------+----+
| epoch |  stage   | iterations |      time       |   loss    | lr |
+-------+----------+------------+-----------------+-----------+----+
|   3   | validate |   84/84    | 0:00:07/0:00:00 | 0.1762159 |    |
+-------+----------+------------+-----------------+-----------+----+
+-------+-------+-------+-------+-------+-------+
|  MiP  |  MiR  |  MiF  |  MaP  |  MaR  |  MaF  |
+-------+-------+-------+-------+-------+-------+
| 0.906 | 0.826 | 0.864 | 0.892 | 0.809 | 0.848 |
+-------+-------+-------+-------+-------+-------+

2023-09-30 19:07:15,879 - utils - INFO - 
+-------+-------+------------+-----------------+-----------+----+
| epoch | stage | iterations |      time       |   loss    | lr |
+-------+-------+------------+-----------------+-----------+----+
|   3   | test  |    1/92    | 0:00:00/0:00:06 | 0.1728576 |    |
+-------+-------+------------+-----------------+-----------+----+
+-------+-------+-------+-------+-------+-------+
|  MiP  |  MiR  |  MiF  |  MaP  |  MaR  |  MaF  |
+-------+-------+-------+-------+-------+-------+
| 0.896 | 0.751 | 0.817 | 0.895 | 0.749 | 0.815 |
+-------+-------+-------+-------+-------+-------+

2023-09-30 19:07:17,973 - utils - INFO - 
+-------+-------+------------+-----------------+-----------+----+
| epoch | stage | iterations |      time       |   loss    | lr |
+-------+-------+------------+-----------------+-----------+----+
|   3   | test  |   26/92    | 0:00:02/0:00:05 | 0.1788851 |    |
+-------+-------+------------+-----------------+-----------+----+
+-------+-------+-------+-------+-------+-------+
|  MiP  |  MiR  |  MiF  |  MaP  |  MaR  |  MaF  |
+-------+-------+-------+-------+-------+-------+
| 0.894 | 0.817 | 0.854 | 0.884 | 0.805 | 0.842 |
+-------+-------+-------+-------+-------+-------+

2023-09-30 19:07:20,365 - utils - INFO - 
+-------+-------+------------+-----------------+-----------+----+
| epoch | stage | iterations |      time       |   loss    | lr |
+-------+-------+------------+-----------------+-----------+----+
|   3   | test  |   51/92    | 0:00:04/0:00:03 | 0.1876583 |    |
+-------+-------+------------+-----------------+-----------+----+
+-------+-------+-------+-------+-------+------+
|  MiP  |  MiR  |  MiF  |  MaP  |  MaR  | MaF  |
+-------+-------+-------+-------+-------+------+
| 0.898 | 0.814 | 0.854 | 0.885 | 0.799 | 0.84 |
+-------+-------+-------+-------+-------+------+

2023-09-30 19:07:22,632 - utils - INFO - 
+-------+-------+------------+-----------------+-----------+----+
| epoch | stage | iterations |      time       |   loss    | lr |
+-------+-------+------------+-----------------+-----------+----+
|   3   | test  |   76/92    | 0:00:06/0:00:01 | 0.1867202 |    |
+-------+-------+------------+-----------------+-----------+----+
+-----+-------+-------+-------+-------+-------+
| MiP |  MiR  |  MiF  |  MaP  |  MaR  |  MaF  |
+-----+-------+-------+-------+-------+-------+
| 0.9 | 0.812 | 0.853 | 0.886 | 0.796 | 0.838 |
+-----+-------+-------+-------+-------+-------+

2023-09-30 19:07:24,375 - utils - INFO - 
+-------+-------+------------+-----------------+----------+----+
| epoch | stage | iterations |      time       |   loss   | lr |
+-------+-------+------------+-----------------+----------+----+
|   3   | test  |   92/92    | 0:00:08/0:00:00 | 0.186652 |    |
+-------+-------+------------+-----------------+----------+----+
+-----+-------+-------+-------+-------+-------+
| MiP |  MiR  |  MiF  |  MaP  |  MaR  |  MaF  |
+-----+-------+-------+-------+-------+-------+
| 0.9 | 0.811 | 0.853 | 0.886 | 0.795 | 0.838 |
+-----+-------+-------+-------+-------+-------+

2023-09-30 19:07:24,723 - utils - INFO - 
+-------+-------+------------+-----------------+-----------+-------+
| epoch | stage | iterations |      time       |   loss    |  lr   |
+-------+-------+------------+-----------------+-----------+-------+
|   4   | train |    1/82    | 0:00:00/0:00:16 | 0.1037206 | 1e-05 |
+-------+-------+------------+-----------------+-----------+-------+
+-------+-------+-------+-------+-------+-------+
|  MiP  |  MiR  |  MiF  |  MaP  |  MaR  |  MaF  |
+-------+-------+-------+-------+-------+-------+
| 0.858 | 0.914 | 0.885 | 0.848 | 0.917 | 0.881 |
+-------+-------+-------+-------+-------+-------+

2023-09-30 19:07:31,316 - utils - INFO - 
+-------+-------+------------+-----------------+-----------+-------+
| epoch | stage | iterations |      time       |   loss    |  lr   |
+-------+-------+------------+-----------------+-----------+-------+
|   4   | train |   26/82    | 0:00:06/0:00:14 | 0.0821711 | 1e-05 |
+-------+-------+------------+-----------------+-----------+-------+
+-------+-------+------+-----+-------+-------+
|  MiP  |  MiR  | MiF  | MaP |  MaR  |  MaF  |
+-------+-------+------+-----+-------+-------+
| 0.912 | 0.929 | 0.92 | 0.9 | 0.918 | 0.909 |
+-------+-------+------+-----+-------+-------+

2023-09-30 19:07:37,924 - utils - INFO - 
+-------+-------+------------+-----------------+-----------+-------+
| epoch | stage | iterations |      time       |   loss    |  lr   |
+-------+-------+------------+-----------------+-----------+-------+
|   4   | train |   51/82    | 0:00:13/0:00:07 | 0.0837219 | 1e-05 |
+-------+-------+------------+-----------------+-----------+-------+
+-------+-------+-------+-------+-------+-------+
|  MiP  |  MiR  |  MiF  |  MaP  |  MaR  |  MaF  |
+-------+-------+-------+-------+-------+-------+
| 0.915 | 0.933 | 0.924 | 0.903 | 0.922 | 0.913 |
+-------+-------+-------+-------+-------+-------+

2023-09-30 19:07:44,174 - utils - INFO - 
+-------+-------+------------+-----------------+-----------+-------+
| epoch | stage | iterations |      time       |   loss    |  lr   |
+-------+-------+------------+-----------------+-----------+-------+
|   4   | train |   76/82    | 0:00:19/0:00:01 | 0.0830849 | 1e-05 |
+-------+-------+------------+-----------------+-----------+-------+
+-------+-------+-------+-------+-------+-------+
|  MiP  |  MiR  |  MiF  |  MaP  |  MaR  |  MaF  |
+-------+-------+-------+-------+-------+-------+
| 0.916 | 0.934 | 0.925 | 0.905 | 0.924 | 0.914 |
+-------+-------+-------+-------+-------+-------+

2023-09-30 19:07:45,951 - utils - INFO - 
+-------+-------+------------+-----------------+-----------+-------+
| epoch | stage | iterations |      time       |   loss    |  lr   |
+-------+-------+------------+-----------------+-----------+-------+
|   4   | train |   82/82    | 0:00:21/0:00:00 | 0.0827213 | 1e-05 |
+-------+-------+------------+-----------------+-----------+-------+
+-------+-------+-------+-------+-------+-------+
|  MiP  |  MiR  |  MiF  |  MaP  |  MaR  |  MaF  |
+-------+-------+-------+-------+-------+-------+
| 0.915 | 0.934 | 0.924 | 0.904 | 0.924 | 0.914 |
+-------+-------+-------+-------+-------+-------+

2023-09-30 19:07:46,013 - utils - INFO - 
+-------+----------+------------+-----------------+-----------+----+
| epoch |  stage   | iterations |      time       |   loss    | lr |
+-------+----------+------------+-----------------+-----------+----+
|   4   | validate |    1/84    | 0:00:00/0:00:04 | 0.1225793 |    |
+-------+----------+------------+-----------------+-----------+----+
+-------+-------+-------+-------+-------+-------+
|  MiP  |  MiR  |  MiF  |  MaP  |  MaR  |  MaF  |
+-------+-------+-------+-------+-------+-------+
| 0.927 | 0.866 | 0.895 | 0.912 | 0.852 | 0.881 |
+-------+-------+-------+-------+-------+-------+

2023-09-30 19:07:48,230 - utils - INFO - 
+-------+----------+------------+-----------------+-----------+----+
| epoch |  stage   | iterations |      time       |   loss    | lr |
+-------+----------+------------+-----------------+-----------+----+
|   4   | validate |   26/84    | 0:00:02/0:00:04 | 0.1543776 |    |
+-------+----------+------------+-----------------+-----------+----+
+-------+-------+-------+-------+------+------+
|  MiP  |  MiR  |  MiF  |  MaP  | MaR  | MaF  |
+-------+-------+-------+-------+------+------+
| 0.904 | 0.864 | 0.884 | 0.891 | 0.85 | 0.87 |
+-------+-------+-------+-------+------+------+

2023-09-30 19:07:50,447 - utils - INFO - 
+-------+----------+------------+-----------------+-----------+----+
| epoch |  stage   | iterations |      time       |   loss    | lr |
+-------+----------+------------+-----------------+-----------+----+
|   4   | validate |   51/84    | 0:00:04/0:00:02 | 0.1635034 |    |
+-------+----------+------------+-----------------+-----------+----+
+-----+-------+------+-------+-------+-------+
| MiP |  MiR  | MiF  |  MaP  |  MaR  |  MaF  |
+-----+-------+------+-------+-------+-------+
| 0.9 | 0.862 | 0.88 | 0.887 | 0.847 | 0.867 |
+-----+-------+------+-------+-------+-------+

2023-09-30 19:07:53,297 - utils - INFO - 
+-------+----------+------------+-----------------+-----------+----+
| epoch |  stage   | iterations |      time       |   loss    | lr |
+-------+----------+------------+-----------------+-----------+----+
|   4   | validate |   76/84    | 0:00:06/0:00:00 | 0.1624408 |    |
+-------+----------+------------+-----------------+-----------+----+
+-------+-------+-------+-------+-------+-------+
|  MiP  |  MiR  |  MiF  |  MaP  |  MaR  |  MaF  |
+-------+-------+-------+-------+-------+-------+
| 0.905 | 0.861 | 0.882 | 0.891 | 0.846 | 0.868 |
+-------+-------+-------+-------+-------+-------+

2023-09-30 19:07:54,354 - utils - INFO - 
+-------+----------+------------+-----------------+-----------+----+
| epoch |  stage   | iterations |      time       |   loss    | lr |
+-------+----------+------------+-----------------+-----------+----+
|   4   | validate |   84/84    | 0:00:07/0:00:00 | 0.1595176 |    |
+-------+----------+------------+-----------------+-----------+----+
+-------+-------+-------+-------+-------+-------+
|  MiP  |  MiR  |  MiF  |  MaP  |  MaR  |  MaF  |
+-------+-------+-------+-------+-------+-------+
| 0.906 | 0.863 | 0.884 | 0.892 | 0.848 | 0.869 |
+-------+-------+-------+-------+-------+-------+

2023-09-30 19:07:54,657 - utils - INFO - 
+-------+-------+------------+-----------------+-----------+----+
| epoch | stage | iterations |      time       |   loss    | lr |
+-------+-------+------------+-----------------+-----------+----+
|   4   | test  |    1/92    | 0:00:00/0:00:05 | 0.1856943 |    |
+-------+-------+------------+-----------------+-----------+----+
+-------+-------+------+------+-------+-------+
|  MiP  |  MiR  | MiF  | MaP  |  MaR  |  MaF  |
+-------+-------+------+------+-------+-------+
| 0.893 | 0.887 | 0.89 | 0.88 | 0.874 | 0.877 |
+-------+-------+------+------+-------+-------+

2023-09-30 19:07:56,893 - utils - INFO - 
+-------+-------+------------+-----------------+-----------+----+
| epoch | stage | iterations |      time       |   loss    | lr |
+-------+-------+------------+-----------------+-----------+----+
|   4   | test  |   26/92    | 0:00:02/0:00:05 | 0.1777177 |    |
+-------+-------+------------+-----------------+-----------+----+
+-------+-------+-------+-------+-------+------+
|  MiP  |  MiR  |  MiF  |  MaP  |  MaR  | MaF  |
+-------+-------+-------+-------+-------+------+
| 0.904 | 0.849 | 0.875 | 0.889 | 0.832 | 0.86 |
+-------+-------+-------+-------+-------+------+

2023-09-30 19:07:59,162 - utils - INFO - 
+-------+-------+------------+-----------------+-----------+----+
| epoch | stage | iterations |      time       |   loss    | lr |
+-------+-------+------------+-----------------+-----------+----+
|   4   | test  |   51/92    | 0:00:04/0:00:03 | 0.1654571 |    |
+-------+-------+------------+-----------------+-----------+----+
+-------+-------+-------+-------+-------+-------+
|  MiP  |  MiR  |  MiF  |  MaP  |  MaR  |  MaF  |
+-------+-------+-------+-------+-------+-------+
| 0.901 | 0.855 | 0.877 | 0.888 | 0.841 | 0.864 |
+-------+-------+-------+-------+-------+-------+

2023-09-30 19:08:01,416 - utils - INFO - 
+-------+-------+------------+-----------------+-----------+----+
| epoch | stage | iterations |      time       |   loss    | lr |
+-------+-------+------------+-----------------+-----------+----+
|   4   | test  |   76/92    | 0:00:06/0:00:01 | 0.1685041 |    |
+-------+-------+------------+-----------------+-----------+----+
+-------+------+-------+-------+-------+-------+
|  MiP  | MiR  |  MiF  |  MaP  |  MaR  |  MaF  |
+-------+------+-------+-------+-------+-------+
| 0.899 | 0.85 | 0.873 | 0.885 | 0.835 | 0.859 |
+-------+------+-------+-------+-------+-------+

2023-09-30 19:08:03,094 - utils - INFO - 
+-------+-------+------------+-----------------+-----------+----+
| epoch | stage | iterations |      time       |   loss    | lr |
+-------+-------+------------+-----------------+-----------+----+
|   4   | test  |   92/92    | 0:00:08/0:00:00 | 0.1718327 |    |
+-------+-------+------------+-----------------+-----------+----+
+-------+-------+-------+-------+-------+-------+
|  MiP  |  MiR  |  MiF  |  MaP  |  MaR  |  MaF  |
+-------+-------+-------+-------+-------+-------+
| 0.898 | 0.847 | 0.872 | 0.884 | 0.833 | 0.858 |
+-------+-------+-------+-------+-------+-------+

2023-09-30 19:08:03,516 - utils - INFO - 
+-------+-------+------------+-----------------+-----------+-------+
| epoch | stage | iterations |      time       |   loss    |  lr   |
+-------+-------+------------+-----------------+-----------+-------+
|   5   | train |    1/82    | 0:00:00/0:00:21 | 0.0478564 | 1e-05 |
+-------+-------+------------+-----------------+-----------+-------+
+-------+-------+-------+-------+-------+-------+
|  MiP  |  MiR  |  MiF  |  MaP  |  MaR  |  MaF  |
+-------+-------+-------+-------+-------+-------+
| 0.971 | 0.962 | 0.966 | 0.969 | 0.954 | 0.961 |
+-------+-------+-------+-------+-------+-------+

2023-09-30 19:08:09,986 - utils - INFO - 
+-------+-------+------------+-----------------+-----------+-------+
| epoch | stage | iterations |      time       |   loss    |  lr   |
+-------+-------+------------+-----------------+-----------+-------+
|   5   | train |   26/82    | 0:00:06/0:00:14 | 0.0631147 | 1e-05 |
+-------+-------+------------+-----------------+-----------+-------+
+-------+-------+-------+-------+-------+-------+
|  MiP  |  MiR  |  MiF  |  MaP  |  MaR  |  MaF  |
+-------+-------+-------+-------+-------+-------+
| 0.933 | 0.951 | 0.942 | 0.924 | 0.943 | 0.934 |
+-------+-------+-------+-------+-------+-------+

2023-09-30 19:08:16,598 - utils - INFO - 
+-------+-------+------------+-----------------+-----------+-------+
| epoch | stage | iterations |      time       |   loss    |  lr   |
+-------+-------+------------+-----------------+-----------+-------+
|   5   | train |   51/82    | 0:00:13/0:00:07 | 0.0651711 | 1e-05 |
+-------+-------+------------+-----------------+-----------+-------+
+-------+-------+-------+-------+-------+-------+
|  MiP  |  MiR  |  MiF  |  MaP  |  MaR  |  MaF  |
+-------+-------+-------+-------+-------+-------+
| 0.934 | 0.949 | 0.941 | 0.923 | 0.939 | 0.931 |
+-------+-------+-------+-------+-------+-------+

2023-09-30 19:08:23,635 - utils - INFO - 
+-------+-------+------------+-----------------+-----------+-------+
| epoch | stage | iterations |      time       |   loss    |  lr   |
+-------+-------+------------+-----------------+-----------+-------+
|   5   | train |   76/82    | 0:00:20/0:00:01 | 0.0634198 | 1e-05 |
+-------+-------+------------+-----------------+-----------+-------+
+-------+------+-------+-------+-------+-------+
|  MiP  | MiR  |  MiF  |  MaP  |  MaR  |  MaF  |
+-------+------+-------+-------+-------+-------+
| 0.936 | 0.95 | 0.943 | 0.926 | 0.941 | 0.933 |
+-------+------+-------+-------+-------+-------+

2023-09-30 19:08:25,219 - utils - INFO - 
+-------+-------+------------+-----------------+-----------+-------+
| epoch | stage | iterations |      time       |   loss    |  lr   |
+-------+-------+------------+-----------------+-----------+-------+
|   5   | train |   82/82    | 0:00:21/0:00:00 | 0.0634107 | 1e-05 |
+-------+-------+------------+-----------------+-----------+-------+
+-------+-------+-------+-------+-------+-------+
|  MiP  |  MiR  |  MiF  |  MaP  |  MaR  |  MaF  |
+-------+-------+-------+-------+-------+-------+
| 0.935 | 0.949 | 0.942 | 0.925 | 0.941 | 0.933 |
+-------+-------+-------+-------+-------+-------+

2023-09-30 19:08:25,290 - utils - INFO - 
+-------+----------+------------+-----------------+-----------+----+
| epoch |  stage   | iterations |      time       |   loss    | lr |
+-------+----------+------------+-----------------+-----------+----+
|   5   | validate |    1/84    | 0:00:00/0:00:05 | 0.1397502 |    |
+-------+----------+------------+-----------------+-----------+----+
+-------+-------+------+-------+-------+-------+
|  MiP  |  MiR  | MiF  |  MaP  |  MaR  |  MaF  |
+-------+-------+------+-------+-------+-------+
| 0.877 | 0.904 | 0.89 | 0.851 | 0.877 | 0.864 |
+-------+-------+------+-------+-------+-------+

2023-09-30 19:08:27,830 - utils - INFO - 
+-------+----------+------------+-----------------+-----------+----+
| epoch |  stage   | iterations |      time       |   loss    | lr |
+-------+----------+------------+-----------------+-----------+----+
|   5   | validate |   26/84    | 0:00:02/0:00:05 | 0.1639579 |    |
+-------+----------+------------+-----------------+-----------+----+
+-------+-------+-------+-------+-------+-------+
|  MiP  |  MiR  |  MiF  |  MaP  |  MaR  |  MaF  |
+-------+-------+-------+-------+-------+-------+
| 0.881 | 0.882 | 0.881 | 0.869 | 0.866 | 0.867 |
+-------+-------+-------+-------+-------+-------+

2023-09-30 19:08:30,119 - utils - INFO - 
+-------+----------+------------+-----------------+-----------+----+
| epoch |  stage   | iterations |      time       |   loss    | lr |
+-------+----------+------------+-----------------+-----------+----+
|   5   | validate |   51/84    | 0:00:04/0:00:03 | 0.1620536 |    |
+-------+----------+------------+-----------------+-----------+----+
+-------+-------+-------+-------+-------+-------+
|  MiP  |  MiR  |  MiF  |  MaP  |  MaR  |  MaF  |
+-------+-------+-------+-------+-------+-------+
| 0.883 | 0.888 | 0.885 | 0.871 | 0.874 | 0.873 |
+-------+-------+-------+-------+-------+-------+

2023-09-30 19:08:32,466 - utils - INFO - 
+-------+----------+------------+-----------------+-----------+----+
| epoch |  stage   | iterations |      time       |   loss    | lr |
+-------+----------+------------+-----------------+-----------+----+
|   5   | validate |   76/84    | 0:00:06/0:00:00 | 0.1604086 |    |
+-------+----------+------------+-----------------+-----------+----+
+-------+------+-------+------+-------+-------+
|  MiP  | MiR  |  MiF  | MaP  |  MaR  |  MaF  |
+-------+------+-------+------+-------+-------+
| 0.882 | 0.89 | 0.886 | 0.87 | 0.877 | 0.873 |
+-------+------+-------+------+-------+-------+

2023-09-30 19:08:33,521 - utils - INFO - 
+-------+----------+------------+-----------------+---------+----+
| epoch |  stage   | iterations |      time       |  loss   | lr |
+-------+----------+------------+-----------------+---------+----+
|   5   | validate |   84/84    | 0:00:07/0:00:00 | 0.16009 |    |
+-------+----------+------------+-----------------+---------+----+
+-------+------+-------+-------+-------+-------+
|  MiP  | MiR  |  MiF  |  MaP  |  MaR  |  MaF  |
+-------+------+-------+-------+-------+-------+
| 0.883 | 0.89 | 0.887 | 0.871 | 0.877 | 0.874 |
+-------+------+-------+-------+-------+-------+

2023-09-30 19:08:33,832 - utils - INFO - 
+-------+-------+------------+-----------------+-----------+----+
| epoch | stage | iterations |      time       |   loss    | lr |
+-------+-------+------------+-----------------+-----------+----+
|   5   | test  |    1/92    | 0:00:00/0:00:05 | 0.2768909 |    |
+-------+-------+------------+-----------------+-----------+----+
+-------+-------+-------+-------+-------+-------+
|  MiP  |  MiR  |  MiF  |  MaP  |  MaR  |  MaF  |
+-------+-------+-------+-------+-------+-------+
| 0.796 | 0.829 | 0.812 | 0.781 | 0.812 | 0.796 |
+-------+-------+-------+-------+-------+-------+

2023-09-30 19:08:36,120 - utils - INFO - 
+-------+-------+------------+-----------------+-----------+----+
| epoch | stage | iterations |      time       |   loss    | lr |
+-------+-------+------------+-----------------+-----------+----+
|   5   | test  |   26/92    | 0:00:02/0:00:05 | 0.1691218 |    |
+-------+-------+------------+-----------------+-----------+----+
+-------+-------+-------+-------+-------+-------+
|  MiP  |  MiR  |  MiF  |  MaP  |  MaR  |  MaF  |
+-------+-------+-------+-------+-------+-------+
| 0.882 | 0.879 | 0.881 | 0.869 | 0.867 | 0.868 |
+-------+-------+-------+-------+-------+-------+

2023-09-30 19:08:38,344 - utils - INFO - 
+-------+-------+------------+-----------------+-----------+----+
| epoch | stage | iterations |      time       |   loss    | lr |
+-------+-------+------------+-----------------+-----------+----+
|   5   | test  |   51/92    | 0:00:04/0:00:03 | 0.1713512 |    |
+-------+-------+------------+-----------------+-----------+----+
+------+-------+-------+-------+-------+-------+
| MiP  |  MiR  |  MiF  |  MaP  |  MaR  |  MaF  |
+------+-------+-------+-------+-------+-------+
| 0.88 | 0.876 | 0.878 | 0.868 | 0.863 | 0.865 |
+------+-------+-------+-------+-------+-------+

2023-09-30 19:08:40,611 - utils - INFO - 
+-------+-------+------------+-----------------+-----------+----+
| epoch | stage | iterations |      time       |   loss    | lr |
+-------+-------+------------+-----------------+-----------+----+
|   5   | test  |   76/92    | 0:00:06/0:00:01 | 0.1711767 |    |
+-------+-------+------------+-----------------+-----------+----+
+------+-------+-------+-------+-------+-------+
| MiP  |  MiR  |  MiF  |  MaP  |  MaR  |  MaF  |
+------+-------+-------+-------+-------+-------+
| 0.88 | 0.875 | 0.878 | 0.868 | 0.862 | 0.865 |
+------+-------+-------+-------+-------+-------+

2023-09-30 19:08:42,271 - utils - INFO - 
+-------+-------+------------+-----------------+-----------+----+
| epoch | stage | iterations |      time       |   loss    | lr |
+-------+-------+------------+-----------------+-----------+----+
|   5   | test  |   92/92    | 0:00:08/0:00:00 | 0.1698449 |    |
+-------+-------+------------+-----------------+-----------+----+
+-------+-------+-------+-------+-------+-------+
|  MiP  |  MiR  |  MiF  |  MaP  |  MaR  |  MaF  |
+-------+-------+-------+-------+-------+-------+
| 0.881 | 0.877 | 0.879 | 0.869 | 0.864 | 0.866 |
+-------+-------+-------+-------+-------+-------+

2023-09-30 19:08:42,608 - utils - INFO - 
+-------+-------+------------+-----------------+-----------+-------+
| epoch | stage | iterations |      time       |   loss    |  lr   |
+-------+-------+------------+-----------------+-----------+-------+
|   6   | train |    1/82    | 0:00:00/0:00:15 | 0.0265164 | 1e-05 |
+-------+-------+------------+-----------------+-----------+-------+
+------+-------+-------+-------+-------+-------+
| MiP  |  MiR  |  MiF  |  MaP  |  MaR  |  MaF  |
+------+-------+-------+-------+-------+-------+
| 0.97 | 0.977 | 0.973 | 0.966 | 0.975 | 0.971 |
+------+-------+-------+-------+-------+-------+

2023-09-30 19:08:49,498 - utils - INFO - 
+-------+-------+------------+-----------------+-----------+-------+
| epoch | stage | iterations |      time       |   loss    |  lr   |
+-------+-------+------------+-----------------+-----------+-------+
|   6   | train |   26/82    | 0:00:06/0:00:14 | 0.0492113 | 1e-05 |
+-------+-------+------------+-----------------+-----------+-------+
+-------+------+-------+-------+-------+-------+
|  MiP  | MiR  |  MiF  |  MaP  |  MaR  |  MaF  |
+-------+------+-------+-------+-------+-------+
| 0.951 | 0.96 | 0.956 | 0.942 | 0.952 | 0.947 |
+-------+------+-------+-------+-------+-------+

2023-09-30 19:08:56,133 - utils - INFO - 
+-------+-------+------------+-----------------+-----------+-------+
| epoch | stage | iterations |      time       |   loss    |  lr   |
+-------+-------+------------+-----------------+-----------+-------+
|   6   | train |   51/82    | 0:00:13/0:00:08 | 0.0516162 | 1e-05 |
+-------+-------+------------+-----------------+-----------+-------+
+-------+-------+-------+-------+-------+-------+
|  MiP  |  MiR  |  MiF  |  MaP  |  MaR  |  MaF  |
+-------+-------+-------+-------+-------+-------+
| 0.949 | 0.959 | 0.954 | 0.941 | 0.952 | 0.946 |
+-------+-------+-------+-------+-------+-------+

2023-09-30 19:09:02,418 - utils - INFO - 
+-------+-------+------------+-----------------+-----------+-------+
| epoch | stage | iterations |      time       |   loss    |  lr   |
+-------+-------+------------+-----------------+-----------+-------+
|   6   | train |   76/82    | 0:00:19/0:00:01 | 0.0505897 | 1e-05 |
+-------+-------+------------+-----------------+-----------+-------+
+-------+-------+-------+-------+-------+-------+
|  MiP  |  MiR  |  MiF  |  MaP  |  MaR  |  MaF  |
+-------+-------+-------+-------+-------+-------+
| 0.949 | 0.959 | 0.954 | 0.941 | 0.952 | 0.946 |
+-------+-------+-------+-------+-------+-------+

2023-09-30 19:09:04,064 - utils - INFO - 
+-------+-------+------------+-----------------+-----------+-------+
| epoch | stage | iterations |      time       |   loss    |  lr   |
+-------+-------+------------+-----------------+-----------+-------+
|   6   | train |   82/82    | 0:00:21/0:00:00 | 0.0510567 | 1e-05 |
+-------+-------+------------+-----------------+-----------+-------+
+-------+-------+-------+------+-------+-------+
|  MiP  |  MiR  |  MiF  | MaP  |  MaR  |  MaF  |
+-------+-------+-------+------+-------+-------+
| 0.948 | 0.959 | 0.953 | 0.94 | 0.952 | 0.946 |
+-------+-------+-------+------+-------+-------+

2023-09-30 19:09:04,123 - utils - INFO - 
+-------+----------+------------+-----------------+-----------+----+
| epoch |  stage   | iterations |      time       |   loss    | lr |
+-------+----------+------------+-----------------+-----------+----+
|   6   | validate |    1/84    | 0:00:00/0:00:04 | 0.2144047 |    |
+-------+----------+------------+-----------------+-----------+----+
+-------+-------+-------+-------+-------+-------+
|  MiP  |  MiR  |  MiF  |  MaP  |  MaR  |  MaF  |
+-------+-------+-------+-------+-------+-------+
| 0.867 | 0.872 | 0.869 | 0.852 | 0.863 | 0.857 |
+-------+-------+-------+-------+-------+-------+

2023-09-30 19:09:06,417 - utils - INFO - 
+-------+----------+------------+-----------------+-----------+----+
| epoch |  stage   | iterations |      time       |   loss    | lr |
+-------+----------+------------+-----------------+-----------+----+
|   6   | validate |   26/84    | 0:00:02/0:00:04 | 0.1685311 |    |
+-------+----------+------------+-----------------+-----------+----+
+-------+------+-------+-------+-------+------+
|  MiP  | MiR  |  MiF  |  MaP  |  MaR  | MaF  |
+-------+------+-------+-------+-------+------+
| 0.903 | 0.88 | 0.891 | 0.891 | 0.869 | 0.88 |
+-------+------+-------+-------+-------+------+

2023-09-30 19:09:08,855 - utils - INFO - 
+-------+----------+------------+-----------------+-----------+----+
| epoch |  stage   | iterations |      time       |   loss    | lr |
+-------+----------+------------+-----------------+-----------+----+
|   6   | validate |   51/84    | 0:00:04/0:00:02 | 0.1732056 |    |
+-------+----------+------------+-----------------+-----------+----+
+-------+-------+-------+-------+-------+------+
|  MiP  |  MiR  |  MiF  |  MaP  |  MaR  | MaF  |
+-------+-------+-------+-------+-------+------+
| 0.906 | 0.879 | 0.892 | 0.892 | 0.867 | 0.88 |
+-------+-------+-------+-------+-------+------+

2023-09-30 19:09:11,453 - utils - INFO - 
+-------+----------+------------+-----------------+-----------+----+
| epoch |  stage   | iterations |      time       |   loss    | lr |
+-------+----------+------------+-----------------+-----------+----+
|   6   | validate |   76/84    | 0:00:07/0:00:00 | 0.1741097 |    |
+-------+----------+------------+-----------------+-----------+----+
+-------+-------+------+------+-------+-------+
|  MiP  |  MiR  | MiF  | MaP  |  MaR  |  MaF  |
+-------+-------+------+------+-------+-------+
| 0.904 | 0.877 | 0.89 | 0.89 | 0.864 | 0.876 |
+-------+-------+------+------+-------+-------+

2023-09-30 19:09:12,403 - utils - INFO - 
+-------+----------+------------+-----------------+-----------+----+
| epoch |  stage   | iterations |      time       |   loss    | lr |
+-------+----------+------------+-----------------+-----------+----+
|   6   | validate |   84/84    | 0:00:07/0:00:00 | 0.1718792 |    |
+-------+----------+------------+-----------------+-----------+----+
+-------+-------+------+------+-------+-------+
|  MiP  |  MiR  | MiF  | MaP  |  MaR  |  MaF  |
+-------+-------+------+------+-------+-------+
| 0.904 | 0.877 | 0.89 | 0.89 | 0.864 | 0.877 |
+-------+-------+------+------+-------+-------+

2023-09-30 19:09:12,699 - utils - INFO - 
+-------+-------+------------+-----------------+-----------+----+
| epoch | stage | iterations |      time       |   loss    | lr |
+-------+-------+------------+-----------------+-----------+----+
|   6   | test  |    1/92    | 0:00:00/0:00:05 | 0.1868575 |    |
+-------+-------+------------+-----------------+-----------+----+
+-------+-------+-------+-------+-------+-------+
|  MiP  |  MiR  |  MiF  |  MaP  |  MaR  |  MaF  |
+-------+-------+-------+-------+-------+-------+
| 0.897 | 0.813 | 0.853 | 0.884 | 0.792 | 0.835 |
+-------+-------+-------+-------+-------+-------+

2023-09-30 19:09:14,961 - utils - INFO - 
+-------+-------+------------+-----------------+-----------+----+
| epoch | stage | iterations |      time       |   loss    | lr |
+-------+-------+------------+-----------------+-----------+----+
|   6   | test  |   26/92    | 0:00:02/0:00:05 | 0.1877334 |    |
+-------+-------+------------+-----------------+-----------+----+
+-------+-------+-------+-------+-------+-------+
|  MiP  |  MiR  |  MiF  |  MaP  |  MaR  |  MaF  |
+-------+-------+-------+-------+-------+-------+
| 0.896 | 0.861 | 0.878 | 0.883 | 0.848 | 0.865 |
+-------+-------+-------+-------+-------+-------+

2023-09-30 19:09:17,252 - utils - INFO - 
+-------+-------+------------+-----------------+-----------+----+
| epoch | stage | iterations |      time       |   loss    | lr |
+-------+-------+------------+-----------------+-----------+----+
|   6   | test  |   51/92    | 0:00:04/0:00:03 | 0.1891221 |    |
+-------+-------+------------+-----------------+-----------+----+
+-------+------+-------+-------+-------+-------+
|  MiP  | MiR  |  MiF  |  MaP  |  MaR  |  MaF  |
+-------+------+-------+-------+-------+-------+
| 0.898 | 0.86 | 0.879 | 0.885 | 0.848 | 0.866 |
+-------+------+-------+-------+-------+-------+

2023-09-30 19:09:19,612 - utils - INFO - 
+-------+-------+------------+-----------------+-----------+----+
| epoch | stage | iterations |      time       |   loss    | lr |
+-------+-------+------------+-----------------+-----------+----+
|   6   | test  |   76/92    | 0:00:06/0:00:01 | 0.1822458 |    |
+-------+-------+------------+-----------------+-----------+----+
+-------+-------+------+-------+------+-------+
|  MiP  |  MiR  | MiF  |  MaP  | MaR  |  MaF  |
+-------+-------+------+-------+------+-------+
| 0.899 | 0.863 | 0.88 | 0.885 | 0.85 | 0.868 |
+-------+-------+------+-------+------+-------+

2023-09-30 19:09:21,204 - utils - INFO - 
+-------+-------+------------+-----------------+-----------+----+
| epoch | stage | iterations |      time       |   loss    | lr |
+-------+-------+------------+-----------------+-----------+----+
|   6   | test  |   92/92    | 0:00:08/0:00:00 | 0.1827407 |    |
+-------+-------+------------+-----------------+-----------+----+
+-------+-------+-------+-------+-------+-------+
|  MiP  |  MiR  |  MiF  |  MaP  |  MaR  |  MaF  |
+-------+-------+-------+-------+-------+-------+
| 0.897 | 0.865 | 0.881 | 0.884 | 0.852 | 0.867 |
+-------+-------+-------+-------+-------+-------+

2023-09-30 19:09:21,602 - utils - INFO - 
+-------+-------+------------+-----------------+-----------+-------+
| epoch | stage | iterations |      time       |   loss    |  lr   |
+-------+-------+------------+-----------------+-----------+-------+
|   7   | train |    1/82    | 0:00:00/0:00:20 | 0.0365325 | 1e-05 |
+-------+-------+------------+-----------------+-----------+-------+
+-------+-------+------+-------+-------+-------+
|  MiP  |  MiR  | MiF  |  MaP  |  MaR  |  MaF  |
+-------+-------+------+-------+-------+-------+
| 0.953 | 0.966 | 0.96 | 0.948 | 0.956 | 0.952 |
+-------+-------+------+-------+-------+-------+

2023-09-30 19:09:28,272 - utils - INFO - 
+-------+-------+------------+-----------------+-----------+-------+
| epoch | stage | iterations |      time       |   loss    |  lr   |
+-------+-------+------------+-----------------+-----------+-------+
|   7   | train |   26/82    | 0:00:06/0:00:14 | 0.0430313 | 1e-05 |
+-------+-------+------------+-----------------+-----------+-------+
+-------+-------+------+-------+-------+-------+
|  MiP  |  MiR  | MiF  |  MaP  |  MaR  |  MaF  |
+-------+-------+------+-------+-------+-------+
| 0.956 | 0.964 | 0.96 | 0.947 | 0.956 | 0.951 |
+-------+-------+------+-------+-------+-------+

2023-09-30 19:09:33,976 - utils - INFO - 
+-------+-------+------------+-----------------+-----------+-------+
| epoch | stage | iterations |      time       |   loss    |  lr   |
+-------+-------+------------+-----------------+-----------+-------+
|   7   | train |   51/82    | 0:00:12/0:00:07 | 0.0422683 | 1e-05 |
+-------+-------+------------+-----------------+-----------+-------+
+-------+-------+------+-------+-------+-------+
|  MiP  |  MiR  | MiF  |  MaP  |  MaR  |  MaF  |
+-------+-------+------+-------+-------+-------+
| 0.955 | 0.965 | 0.96 | 0.948 | 0.958 | 0.953 |
+-------+-------+------+-------+-------+-------+

2023-09-30 19:09:41,153 - utils - INFO - 
+-------+-------+------------+-----------------+-----------+-------+
| epoch | stage | iterations |      time       |   loss    |  lr   |
+-------+-------+------------+-----------------+-----------+-------+
|   7   | train |   76/82    | 0:00:19/0:00:01 | 0.0418932 | 1e-05 |
+-------+-------+------------+-----------------+-----------+-------+
+-------+-------+-------+-------+-------+-------+
|  MiP  |  MiR  |  MiF  |  MaP  |  MaR  |  MaF  |
+-------+-------+-------+-------+-------+-------+
| 0.956 | 0.965 | 0.961 | 0.949 | 0.959 | 0.954 |
+-------+-------+-------+-------+-------+-------+

2023-09-30 19:09:43,057 - utils - INFO - 
+-------+-------+------------+-----------------+-----------+-------+
| epoch | stage | iterations |      time       |   loss    |  lr   |
+-------+-------+------------+-----------------+-----------+-------+
|   7   | train |   82/82    | 0:00:21/0:00:00 | 0.0415413 | 1e-05 |
+-------+-------+------------+-----------------+-----------+-------+
+-------+-------+-------+-------+-------+-------+
|  MiP  |  MiR  |  MiF  |  MaP  |  MaR  |  MaF  |
+-------+-------+-------+-------+-------+-------+
| 0.956 | 0.965 | 0.961 | 0.949 | 0.959 | 0.954 |
+-------+-------+-------+-------+-------+-------+

2023-09-30 19:09:43,181 - utils - INFO - 
+-------+----------+------------+-----------------+-----------+----+
| epoch |  stage   | iterations |      time       |   loss    | lr |
+-------+----------+------------+-----------------+-----------+----+
|   7   | validate |    1/84    | 0:00:00/0:00:09 | 0.0955967 |    |
+-------+----------+------------+-----------------+-----------+----+
+-------+-------+-------+-------+-------+-------+
|  MiP  |  MiR  |  MiF  |  MaP  |  MaR  |  MaF  |
+-------+-------+-------+-------+-------+-------+
| 0.911 | 0.938 | 0.924 | 0.919 | 0.944 | 0.931 |
+-------+-------+-------+-------+-------+-------+

2023-09-30 19:09:45,845 - utils - INFO - 
+-------+----------+------------+-----------------+----------+----+
| epoch |  stage   | iterations |      time       |   loss   | lr |
+-------+----------+------------+-----------------+----------+----+
|   7   | validate |   26/84    | 0:00:02/0:00:05 | 0.176003 |    |
+-------+----------+------------+-----------------+----------+----+
+-------+-------+-------+------+------+------+
|  MiP  |  MiR  |  MiF  | MaP  | MaR  | MaF  |
+-------+-------+-------+------+------+------+
| 0.903 | 0.883 | 0.893 | 0.89 | 0.87 | 0.88 |
+-------+-------+-------+------+------+------+

2023-09-30 19:09:48,085 - utils - INFO - 
+-------+----------+------------+-----------------+-----------+----+
| epoch |  stage   | iterations |      time       |   loss    | lr |
+-------+----------+------------+-----------------+-----------+----+
|   7   | validate |   51/84    | 0:00:04/0:00:03 | 0.1755767 |    |
+-------+----------+------------+-----------------+-----------+----+
+-------+-------+-------+-------+-------+------+
|  MiP  |  MiR  |  MiF  |  MaP  |  MaR  | MaF  |
+-------+-------+-------+-------+-------+------+
| 0.905 | 0.882 | 0.893 | 0.891 | 0.868 | 0.88 |
+-------+-------+-------+-------+-------+------+

2023-09-30 19:09:50,483 - utils - INFO - 
+-------+----------+------------+-----------------+-----------+----+
| epoch |  stage   | iterations |      time       |   loss    | lr |
+-------+----------+------------+-----------------+-----------+----+
|   7   | validate |   76/84    | 0:00:07/0:00:00 | 0.1730025 |    |
+-------+----------+------------+-----------------+-----------+----+
+-------+-------+-------+-------+-------+-------+
|  MiP  |  MiR  |  MiF  |  MaP  |  MaR  |  MaF  |
+-------+-------+-------+-------+-------+-------+
| 0.903 | 0.884 | 0.894 | 0.891 | 0.871 | 0.881 |
+-------+-------+-------+-------+-------+-------+

2023-09-30 19:09:51,554 - utils - INFO - 
+-------+----------+------------+-----------------+----------+----+
| epoch |  stage   | iterations |      time       |   loss   | lr |
+-------+----------+------------+-----------------+----------+----+
|   7   | validate |   84/84    | 0:00:08/0:00:00 | 0.176073 |    |
+-------+----------+------------+-----------------+----------+----+
+-------+-------+-------+-------+-------+-------+
|  MiP  |  MiR  |  MiF  |  MaP  |  MaR  |  MaF  |
+-------+-------+-------+-------+-------+-------+
| 0.903 | 0.885 | 0.894 | 0.891 | 0.872 | 0.881 |
+-------+-------+-------+-------+-------+-------+

2023-09-30 19:09:51,797 - utils - INFO - 
+-------+-------+------------+-----------------+-----------+----+
| epoch | stage | iterations |      time       |   loss    | lr |
+-------+-------+------------+-----------------+-----------+----+
|   7   | test  |    1/92    | 0:00:00/0:00:04 | 0.2036935 |    |
+-------+-------+------------+-----------------+-----------+----+
+-------+-------+-------+-------+-------+-------+
|  MiP  |  MiR  |  MiF  |  MaP  |  MaR  |  MaF  |
+-------+-------+-------+-------+-------+-------+
| 0.913 | 0.877 | 0.895 | 0.909 | 0.873 | 0.891 |
+-------+-------+-------+-------+-------+-------+

2023-09-30 19:09:53,901 - utils - INFO - 
+-------+-------+------------+-----------------+-----------+----+
| epoch | stage | iterations |      time       |   loss    | lr |
+-------+-------+------------+-----------------+-----------+----+
|   7   | test  |   26/92    | 0:00:02/0:00:05 | 0.1890532 |    |
+-------+-------+------------+-----------------+-----------+----+
+-------+-------+-------+-------+-------+-------+
|  MiP  |  MiR  |  MiF  |  MaP  |  MaR  |  MaF  |
+-------+-------+-------+-------+-------+-------+
| 0.899 | 0.867 | 0.883 | 0.888 | 0.856 | 0.872 |
+-------+-------+-------+-------+-------+-------+

2023-09-30 19:09:56,138 - utils - INFO - 
+-------+-------+------------+-----------------+-----------+----+
| epoch | stage | iterations |      time       |   loss    | lr |
+-------+-------+------------+-----------------+-----------+----+
|   7   | test  |   51/92    | 0:00:04/0:00:03 | 0.1889652 |    |
+-------+-------+------------+-----------------+-----------+----+
+-----+-------+-------+-------+-------+-------+
| MiP |  MiR  |  MiF  |  MaP  |  MaR  |  MaF  |
+-----+-------+-------+-------+-------+-------+
| 0.9 | 0.869 | 0.884 | 0.889 | 0.858 | 0.873 |
+-----+-------+-------+-------+-------+-------+

2023-09-30 19:09:58,568 - utils - INFO - 
+-------+-------+------------+-----------------+-----------+----+
| epoch | stage | iterations |      time       |   loss    | lr |
+-------+-------+------------+-----------------+-----------+----+
|   7   | test  |   76/92    | 0:00:06/0:00:01 | 0.1885698 |    |
+-------+-------+------------+-----------------+-----------+----+
+-------+-------+-------+-------+-------+------+
|  MiP  |  MiR  |  MiF  |  MaP  |  MaR  | MaF  |
+-------+-------+-------+-------+-------+------+
| 0.896 | 0.868 | 0.882 | 0.884 | 0.857 | 0.87 |
+-------+-------+-------+-------+-------+------+

2023-09-30 19:10:00,170 - utils - INFO - 
+-------+-------+------------+-----------------+-----------+----+
| epoch | stage | iterations |      time       |   loss    | lr |
+-------+-------+------------+-----------------+-----------+----+
|   7   | test  |   92/92    | 0:00:07/0:00:00 | 0.1888879 |    |
+-------+-------+------------+-----------------+-----------+----+
+-------+-------+------+-------+-------+-------+
|  MiP  |  MiR  | MiF  |  MaP  |  MaR  |  MaF  |
+-------+-------+------+-------+-------+-------+
| 0.895 | 0.865 | 0.88 | 0.883 | 0.853 | 0.868 |
+-------+-------+------+-------+-------+-------+

2023-09-30 19:10:00,628 - utils - INFO - 
+-------+-------+------------+-----------------+-----------+-------+
| epoch | stage | iterations |      time       |   loss    |  lr   |
+-------+-------+------------+-----------------+-----------+-------+
|   8   | train |    1/82    | 0:00:00/0:00:25 | 0.0587468 | 1e-06 |
+-------+-------+------------+-----------------+-----------+-------+
+-------+-------+-------+-------+-------+-------+
|  MiP  |  MiR  |  MiF  |  MaP  |  MaR  |  MaF  |
+-------+-------+-------+-------+-------+-------+
| 0.956 | 0.969 | 0.963 | 0.951 | 0.965 | 0.958 |
+-------+-------+-------+-------+-------+-------+

2023-09-30 19:10:07,484 - utils - INFO - 
+-------+-------+------------+-----------------+-----------+-------+
| epoch | stage | iterations |      time       |   loss    |  lr   |
+-------+-------+------------+-----------------+-----------+-------+
|   8   | train |   26/82    | 0:00:07/0:00:15 | 0.0368118 | 1e-06 |
+-------+-------+------------+-----------------+-----------+-------+
+-------+------+-------+------+-------+-------+
|  MiP  | MiR  |  MiF  | MaP  |  MaR  |  MaF  |
+-------+------+-------+------+-------+-------+
| 0.965 | 0.97 | 0.968 | 0.96 | 0.966 | 0.963 |
+-------+------+-------+------+-------+-------+

2023-09-30 19:10:13,793 - utils - INFO - 
+-------+-------+------------+-----------------+-----------+-------+
| epoch | stage | iterations |      time       |   loss    |  lr   |
+-------+-------+------------+-----------------+-----------+-------+
|   8   | train |   51/82    | 0:00:13/0:00:08 | 0.0337626 | 1e-06 |
+-------+-------+------------+-----------------+-----------+-------+
+-------+-------+------+-------+-------+-------+
|  MiP  |  MiR  | MiF  |  MaP  |  MaR  |  MaF  |
+-------+-------+------+-------+-------+-------+
| 0.967 | 0.973 | 0.97 | 0.962 | 0.968 | 0.965 |
+-------+-------+------+-------+-------+-------+

2023-09-30 19:10:20,111 - utils - INFO - 
+-------+-------+------------+-----------------+-----------+-------+
| epoch | stage | iterations |      time       |   loss    |  lr   |
+-------+-------+------------+-----------------+-----------+-------+
|   8   | train |   76/82    | 0:00:19/0:00:01 | 0.0329532 | 1e-06 |
+-------+-------+------------+-----------------+-----------+-------+
+-------+-------+-------+-------+-------+-------+
|  MiP  |  MiR  |  MiF  |  MaP  |  MaR  |  MaF  |
+-------+-------+-------+-------+-------+-------+
| 0.967 | 0.972 | 0.969 | 0.961 | 0.967 | 0.964 |
+-------+-------+-------+-------+-------+-------+

2023-09-30 19:10:21,777 - utils - INFO - 
+-------+-------+------------+-----------------+-----------+-------+
| epoch | stage | iterations |      time       |   loss    |  lr   |
+-------+-------+------------+-----------------+-----------+-------+
|   8   | train |   82/82    | 0:00:21/0:00:00 | 0.0333348 | 1e-06 |
+-------+-------+------------+-----------------+-----------+-------+
+-------+-------+-------+-------+-------+-------+
|  MiP  |  MiR  |  MiF  |  MaP  |  MaR  |  MaF  |
+-------+-------+-------+-------+-------+-------+
| 0.966 | 0.972 | 0.969 | 0.961 | 0.967 | 0.964 |
+-------+-------+-------+-------+-------+-------+

2023-09-30 19:10:21,853 - utils - INFO - 
+-------+----------+------------+-----------------+----------+----+
| epoch |  stage   | iterations |      time       |   loss   | lr |
+-------+----------+------------+-----------------+----------+----+
|   8   | validate |    1/84    | 0:00:00/0:00:05 | 0.185382 |    |
+-------+----------+------------+-----------------+----------+----+
+-------+-------+-------+-------+------+------+
|  MiP  |  MiR  |  MiF  |  MaP  | MaR  | MaF  |
+-------+-------+-------+-------+------+------+
| 0.865 | 0.818 | 0.841 | 0.853 | 0.81 | 0.83 |
+-------+-------+-------+-------+------+------+

2023-09-30 19:10:24,304 - utils - INFO - 
+-------+----------+------------+-----------------+----------+----+
| epoch |  stage   | iterations |      time       |   loss   | lr |
+-------+----------+------------+-----------------+----------+----+
|   8   | validate |   26/84    | 0:00:02/0:00:05 | 0.189238 |    |
+-------+----------+------------+-----------------+----------+----+
+-------+-------+-------+------+-------+-------+
|  MiP  |  MiR  |  MiF  | MaP  |  MaR  |  MaF  |
+-------+-------+-------+------+-------+-------+
| 0.902 | 0.874 | 0.888 | 0.89 | 0.861 | 0.875 |
+-------+-------+-------+------+-------+-------+

2023-09-30 19:10:26,637 - utils - INFO - 
+-------+----------+------------+-----------------+-----------+----+
| epoch |  stage   | iterations |      time       |   loss    | lr |
+-------+----------+------------+-----------------+-----------+----+
|   8   | validate |   51/84    | 0:00:04/0:00:02 | 0.1829917 |    |
+-------+----------+------------+-----------------+-----------+----+
+------+-------+-------+-------+-------+------+
| MiP  |  MiR  |  MiF  |  MaP  |  MaR  | MaF  |
+------+-------+-------+-------+-------+------+
| 0.91 | 0.876 | 0.893 | 0.897 | 0.863 | 0.88 |
+------+-------+-------+-------+-------+------+

2023-09-30 19:10:29,131 - utils - INFO - 
+-------+----------+------------+-----------------+----------+----+
| epoch |  stage   | iterations |      time       |   loss   | lr |
+-------+----------+------------+-----------------+----------+----+
|   8   | validate |   76/84    | 0:00:06/0:00:00 | 0.179848 |    |
+-------+----------+------------+-----------------+----------+----+
+-------+-------+-------+-------+-------+------+
|  MiP  |  MiR  |  MiF  |  MaP  |  MaR  | MaF  |
+-------+-------+-------+-------+-------+------+
| 0.909 | 0.877 | 0.893 | 0.897 | 0.864 | 0.88 |
+-------+-------+-------+-------+-------+------+

2023-09-30 19:10:30,256 - utils - INFO - 
+-------+----------+------------+-----------------+----------+----+
| epoch |  stage   | iterations |      time       |   loss   | lr |
+-------+----------+------------+-----------------+----------+----+
|   8   | validate |   84/84    | 0:00:08/0:00:00 | 0.177884 |    |
+-------+----------+------------+-----------------+----------+----+
+-------+-------+-------+-------+-------+------+
|  MiP  |  MiR  |  MiF  |  MaP  |  MaR  | MaF  |
+-------+-------+-------+-------+-------+------+
| 0.909 | 0.878 | 0.893 | 0.897 | 0.864 | 0.88 |
+-------+-------+-------+-------+-------+------+

2023-09-30 19:10:30,573 - utils - INFO - 
+-------+-------+------------+-----------------+-----------+----+
| epoch | stage | iterations |      time       |   loss    | lr |
+-------+-------+------------+-----------------+-----------+----+
|   8   | test  |    1/92    | 0:00:00/0:00:05 | 0.1703166 |    |
+-------+-------+------------+-----------------+-----------+----+
+-------+-------+-------+-------+-------+-------+
|  MiP  |  MiR  |  MiF  |  MaP  |  MaR  |  MaF  |
+-------+-------+-------+-------+-------+-------+
| 0.914 | 0.898 | 0.906 | 0.908 | 0.895 | 0.901 |
+-------+-------+-------+-------+-------+-------+

2023-09-30 19:10:32,697 - utils - INFO - 
+-------+-------+------------+-----------------+-----------+----+
| epoch | stage | iterations |      time       |   loss    | lr |
+-------+-------+------------+-----------------+-----------+----+
|   8   | test  |   26/92    | 0:00:02/0:00:05 | 0.2063964 |    |
+-------+-------+------------+-----------------+-----------+----+
+-------+-------+-------+-------+-------+-------+
|  MiP  |  MiR  |  MiF  |  MaP  |  MaR  |  MaF  |
+-------+-------+-------+-------+-------+-------+
| 0.901 | 0.858 | 0.879 | 0.888 | 0.844 | 0.865 |
+-------+-------+-------+-------+-------+-------+

2023-09-30 19:10:34,972 - utils - INFO - 
+-------+-------+------------+-----------------+-----------+----+
| epoch | stage | iterations |      time       |   loss    | lr |
+-------+-------+------------+-----------------+-----------+----+
|   8   | test  |   51/92    | 0:00:04/0:00:03 | 0.1960013 |    |
+-------+-------+------------+-----------------+-----------+----+
+-------+-------+-------+------+-------+-------+
|  MiP  |  MiR  |  MiF  | MaP  |  MaR  |  MaF  |
+-------+-------+-------+------+-------+-------+
| 0.902 | 0.854 | 0.877 | 0.89 | 0.839 | 0.864 |
+-------+-------+-------+------+-------+-------+

2023-09-30 19:10:37,334 - utils - INFO - 
+-------+-------+------------+-----------------+-----------+----+
| epoch | stage | iterations |      time       |   loss    | lr |
+-------+-------+------------+-----------------+-----------+----+
|   8   | test  |   76/92    | 0:00:06/0:00:01 | 0.1943018 |    |
+-------+-------+------------+-----------------+-----------+----+
+-------+------+-------+-------+-------+-------+
|  MiP  | MiR  |  MiF  |  MaP  |  MaR  |  MaF  |
+-------+------+-------+-------+-------+-------+
| 0.903 | 0.86 | 0.881 | 0.891 | 0.848 | 0.869 |
+-------+------+-------+-------+-------+-------+

2023-09-30 19:10:38,919 - utils - INFO - 
+-------+-------+------------+-----------------+----------+----+
| epoch | stage | iterations |      time       |   loss   | lr |
+-------+-------+------------+-----------------+----------+----+
|   8   | test  |   92/92    | 0:00:07/0:00:00 | 0.192155 |    |
+-------+-------+------------+-----------------+----------+----+
+-------+------+-------+-------+-------+-------+
|  MiP  | MiR  |  MiF  |  MaP  |  MaR  |  MaF  |
+-------+------+-------+-------+-------+-------+
| 0.903 | 0.86 | 0.881 | 0.891 | 0.847 | 0.868 |
+-------+------+-------+-------+-------+-------+

2023-09-30 19:10:39,468 - utils - INFO - 
+-------+-------+------------+-----------------+-----------+-------+
| epoch | stage | iterations |      time       |   loss    |  lr   |
+-------+-------+------------+-----------------+-----------+-------+
|   9   | train |    1/82    | 0:00:00/0:00:32 | 0.0618503 | 1e-06 |
+-------+-------+------------+-----------------+-----------+-------+
+-------+-------+-------+------+-------+------+
|  MiP  |  MiR  |  MiF  | MaP  |  MaR  | MaF  |
+-------+-------+-------+------+-------+------+
| 0.957 | 0.977 | 0.967 | 0.95 | 0.971 | 0.96 |
+-------+-------+-------+------+-------+------+

2023-09-30 19:10:45,338 - utils - INFO - 
+-------+-------+------------+-----------------+-----------+-------+
| epoch | stage | iterations |      time       |   loss    |  lr   |
+-------+-------+------------+-----------------+-----------+-------+
|   9   | train |   26/82    | 0:00:06/0:00:13 | 0.0336879 | 1e-06 |
+-------+-------+------------+-----------------+-----------+-------+
+-------+-------+-------+------+-------+-------+
|  MiP  |  MiR  |  MiF  | MaP  |  MaR  |  MaF  |
+-------+-------+-------+------+-------+-------+
| 0.966 | 0.973 | 0.969 | 0.96 | 0.968 | 0.964 |
+-------+-------+-------+------+-------+-------+

2023-09-30 19:10:52,025 - utils - INFO - 
+-------+-------+------------+-----------------+-----------+-------+
| epoch | stage | iterations |      time       |   loss    |  lr   |
+-------+-------+------------+-----------------+-----------+-------+
|   9   | train |   51/82    | 0:00:12/0:00:07 | 0.0314852 | 1e-06 |
+-------+-------+------------+-----------------+-----------+-------+
+-------+-------+------+------+-------+-------+
|  MiP  |  MiR  | MiF  | MaP  |  MaR  |  MaF  |
+-------+-------+------+------+-------+-------+
| 0.966 | 0.974 | 0.97 | 0.96 | 0.969 | 0.964 |
+-------+-------+------+------+-------+-------+

2023-09-30 19:10:58,874 - utils - INFO - 
+-------+-------+------------+-----------------+-----------+-------+
| epoch | stage | iterations |      time       |   loss    |  lr   |
+-------+-------+------------+-----------------+-----------+-------+
|   9   | train |   76/82    | 0:00:19/0:00:01 | 0.0305704 | 1e-06 |
+-------+-------+------------+-----------------+-----------+-------+
+-------+-------+-------+-------+-------+-------+
|  MiP  |  MiR  |  MiF  |  MaP  |  MaR  |  MaF  |
+-------+-------+-------+-------+-------+-------+
| 0.968 | 0.975 | 0.971 | 0.962 | 0.971 | 0.966 |
+-------+-------+-------+-------+-------+-------+

2023-09-30 19:11:00,685 - utils - INFO - 
+-------+-------+------------+-----------------+-----------+-------+
| epoch | stage | iterations |      time       |   loss    |  lr   |
+-------+-------+------------+-----------------+-----------+-------+
|   9   | train |   82/82    | 0:00:21/0:00:00 | 0.0310114 | 1e-06 |
+-------+-------+------------+-----------------+-----------+-------+
+-------+-------+------+-------+-------+-------+
|  MiP  |  MiR  | MiF  |  MaP  |  MaR  |  MaF  |
+-------+-------+------+-------+-------+-------+
| 0.967 | 0.974 | 0.97 | 0.961 | 0.969 | 0.965 |
+-------+-------+------+-------+-------+-------+

2023-09-30 19:11:00,746 - utils - INFO - 
+-------+----------+------------+-----------------+-----------+----+
| epoch |  stage   | iterations |      time       |   loss    | lr |
+-------+----------+------------+-----------------+-----------+----+
|   9   | validate |    1/84    | 0:00:00/0:00:04 | 0.1167431 |    |
+-------+----------+------------+-----------------+-----------+----+
+-------+-------+-------+-------+-------+-------+
|  MiP  |  MiR  |  MiF  |  MaP  |  MaR  |  MaF  |
+-------+-------+-------+-------+-------+-------+
| 0.922 | 0.922 | 0.922 | 0.919 | 0.913 | 0.916 |
+-------+-------+-------+-------+-------+-------+

2023-09-30 19:11:02,835 - utils - INFO - 
+-------+----------+------------+-----------------+-----------+----+
| epoch |  stage   | iterations |      time       |   loss    | lr |
+-------+----------+------------+-----------------+-----------+----+
|   9   | validate |   26/84    | 0:00:02/0:00:04 | 0.2064636 |    |
+-------+----------+------------+-----------------+-----------+----+
+-------+-------+-------+-------+-------+-------+
|  MiP  |  MiR  |  MiF  |  MaP  |  MaR  |  MaF  |
+-------+-------+-------+-------+-------+-------+
| 0.898 | 0.872 | 0.885 | 0.884 | 0.855 | 0.869 |
+-------+-------+-------+-------+-------+-------+

2023-09-30 19:11:05,482 - utils - INFO - 
+-------+----------+------------+-----------------+-----------+----+
| epoch |  stage   | iterations |      time       |   loss    | lr |
+-------+----------+------------+-----------------+-----------+----+
|   9   | validate |   51/84    | 0:00:04/0:00:02 | 0.1872803 |    |
+-------+----------+------------+-----------------+-----------+----+
+-------+-------+-------+-------+-------+-------+
|  MiP  |  MiR  |  MiF  |  MaP  |  MaR  |  MaF  |
+-------+-------+-------+-------+-------+-------+
| 0.909 | 0.876 | 0.892 | 0.895 | 0.861 | 0.878 |
+-------+-------+-------+-------+-------+-------+

2023-09-30 19:11:08,068 - utils - INFO - 
+-------+----------+------------+-----------------+-----------+----+
| epoch |  stage   | iterations |      time       |   loss    | lr |
+-------+----------+------------+-----------------+-----------+----+
|   9   | validate |   76/84    | 0:00:07/0:00:00 | 0.1798007 |    |
+-------+----------+------------+-----------------+-----------+----+
+------+------+-------+-------+-------+-------+
| MiP  | MiR  |  MiF  |  MaP  |  MaR  |  MaF  |
+------+------+-------+-------+-------+-------+
| 0.91 | 0.88 | 0.895 | 0.897 | 0.867 | 0.882 |
+------+------+-------+-------+-------+-------+

2023-09-30 19:11:09,105 - utils - INFO - 
+-------+----------+------------+-----------------+-----------+----+
| epoch |  stage   | iterations |      time       |   loss    | lr |
+-------+----------+------------+-----------------+-----------+----+
|   9   | validate |   84/84    | 0:00:07/0:00:00 | 0.1784705 |    |
+-------+----------+------------+-----------------+-----------+----+
+-------+------+-------+-------+-------+-------+
|  MiP  | MiR  |  MiF  |  MaP  |  MaR  |  MaF  |
+-------+------+-------+-------+-------+-------+
| 0.909 | 0.88 | 0.894 | 0.896 | 0.866 | 0.881 |
+-------+------+-------+-------+-------+-------+

2023-09-30 19:11:10,357 - utils - INFO - 
+-------+-------+------------+-----------------+-----------+----+
| epoch | stage | iterations |      time       |   loss    | lr |
+-------+-------+------------+-----------------+-----------+----+
|   9   | test  |    1/92    | 0:00:00/0:00:06 | 0.1518522 |    |
+-------+-------+------------+-----------------+-----------+----+
+-------+-------+-----+-------+-------+-------+
|  MiP  |  MiR  | MiF |  MaP  |  MaR  |  MaF  |
+-------+-------+-----+-------+-------+-------+
| 0.938 | 0.865 | 0.9 | 0.934 | 0.854 | 0.892 |
+-------+-------+-----+-------+-------+-------+

2023-09-30 19:11:12,419 - utils - INFO - 
+-------+-------+------------+-----------------+-----------+----+
| epoch | stage | iterations |      time       |   loss    | lr |
+-------+-------+------------+-----------------+-----------+----+
|   9   | test  |   26/92    | 0:00:02/0:00:05 | 0.2089774 |    |
+-------+-------+------------+-----------------+-----------+----+
+-------+-------+-------+-------+-------+-------+
|  MiP  |  MiR  |  MiF  |  MaP  |  MaR  |  MaF  |
+-------+-------+-------+-------+-------+-------+
| 0.895 | 0.852 | 0.873 | 0.882 | 0.837 | 0.859 |
+-------+-------+-------+-------+-------+-------+

2023-09-30 19:11:14,645 - utils - INFO - 
+-------+-------+------------+-----------------+-----------+----+
| epoch | stage | iterations |      time       |   loss    | lr |
+-------+-------+------------+-----------------+-----------+----+
|   9   | test  |   51/92    | 0:00:04/0:00:03 | 0.2004434 |    |
+-------+-------+------------+-----------------+-----------+----+
+-----+-------+-------+-------+-------+-------+
| MiP |  MiR  |  MiF  |  MaP  |  MaR  |  MaF  |
+-----+-------+-------+-------+-------+-------+
| 0.9 | 0.858 | 0.879 | 0.887 | 0.844 | 0.865 |
+-----+-------+-------+-------+-------+-------+

2023-09-30 19:11:17,006 - utils - INFO - 
+-------+-------+------------+-----------------+-----------+----+
| epoch | stage | iterations |      time       |   loss    | lr |
+-------+-------+------------+-----------------+-----------+----+
|   9   | test  |   76/92    | 0:00:06/0:00:01 | 0.1973406 |    |
+-------+-------+------------+-----------------+-----------+----+
+-------+-------+------+-------+-------+-------+
|  MiP  |  MiR  | MiF  |  MaP  |  MaR  |  MaF  |
+-------+-------+------+-------+-------+-------+
| 0.901 | 0.859 | 0.88 | 0.889 | 0.845 | 0.867 |
+-------+-------+------+-------+-------+-------+

2023-09-30 19:11:18,740 - utils - INFO - 
+-------+-------+------------+-----------------+-----------+----+
| epoch | stage | iterations |      time       |   loss    | lr |
+-------+-------+------------+-----------------+-----------+----+
|   9   | test  |   92/92    | 0:00:08/0:00:00 | 0.1922903 |    |
+-------+-------+------------+-----------------+-----------+----+
+-------+-------+-------+------+-------+-------+
|  MiP  |  MiR  |  MiF  | MaP  |  MaR  |  MaF  |
+-------+-------+-------+------+-------+-------+
| 0.902 | 0.862 | 0.881 | 0.89 | 0.849 | 0.869 |
+-------+-------+-------+------+-------+-------+

